<?xml version="1.0" encoding="UTF-8"?>
<robot generator="Robot 6.0.2 (Python 3.10.11 on win32)" generated="20230520 23:00:59.408" rpa="false" schemaversion="3">
<suite id="s1" name="Frontend-Test-Suite" source="D:\projects\Software Testing\Assignment 3\Software-Testing-Assi3-Frontend\Frontend-Test-Suite.robot">
<test id="s1-t1" name="Delete TODO" line="23">
<kw name="Open Browser" library="SeleniumLibrary">
<arg>http://127.0.0.1:5500/todo.html</arg>
<arg>edge</arg>
<doc>Opens a new browser instance to the optional ``url``.</doc>
<msg timestamp="20230520 23:01:00.056" level="INFO">Opening browser 'edge' to base url 'http://127.0.0.1:5500/todo.html'.</msg>
<msg timestamp="20230520 23:01:00.126" level="INFO">Applicable driver not found; attempting to install with Selenium Manager (Beta)</msg>
<status status="PASS" starttime="20230520 23:01:00.055" endtime="20230520 23:01:03.488"/>
</kw>
<kw name="Open Browser" library="SeleniumLibrary">
<arg>http://127.0.0.1:5500/todo.html</arg>
<arg>edge</arg>
<doc>Opens a new browser instance to the optional ``url``.</doc>
<msg timestamp="20230520 23:01:03.492" level="INFO">Opening browser 'edge' to base url 'http://127.0.0.1:5500/todo.html'.</msg>
<msg timestamp="20230520 23:01:03.532" level="INFO">Applicable driver not found; attempting to install with Selenium Manager (Beta)</msg>
<status status="PASS" starttime="20230520 23:01:03.491" endtime="20230520 23:01:08.757"/>
</kw>
<kw name="Generate Random String" library="String">
<var>${firstTitle}</var>
<arg>20</arg>
<arg>[LETTERS]</arg>
<doc>Generates a string with a desired ``length`` from the given ``chars``.</doc>
<msg timestamp="20230520 23:01:08.781" level="INFO">${firstTitle} = VTBCRApMeBqncStFcZCE</msg>
<status status="PASS" starttime="20230520 23:01:08.780" endtime="20230520 23:01:08.781"/>
</kw>
<kw name="Generate Random String" library="String">
<var>${firstDesc}</var>
<arg>64</arg>
<arg>[LETTERS]</arg>
<doc>Generates a string with a desired ``length`` from the given ``chars``.</doc>
<msg timestamp="20230520 23:01:08.785" level="INFO">${firstDesc} = ZclgXQsHydIIgkFpBrljxGHfqDgTNVpKULlkaKpaEUvIIPFtOBjWIZQWIPYTzZNB</msg>
<status status="PASS" starttime="20230520 23:01:08.784" endtime="20230520 23:01:08.785"/>
</kw>
<kw name="Input Text" library="SeleniumLibrary">
<arg>//*[@id="todo"]</arg>
<arg>${firstTitle}</arg>
<doc>Types the given ``text`` into the text field identified by ``locator``.</doc>
<msg timestamp="20230520 23:01:08.787" level="INFO">Typing text 'VTBCRApMeBqncStFcZCE' into text field '//*[@id="todo"]'.</msg>
<status status="PASS" starttime="20230520 23:01:08.786" endtime="20230520 23:01:09.099"/>
</kw>
<kw name="Input Text" library="SeleniumLibrary">
<arg>//*[@id="desc"]</arg>
<arg>${firstDesc}</arg>
<doc>Types the given ``text`` into the text field identified by ``locator``.</doc>
<msg timestamp="20230520 23:01:09.101" level="INFO">Typing text 'ZclgXQsHydIIgkFpBrljxGHfqDgTNVpKULlkaKpaEUvIIPFtOBjWIZQWIPYTzZNB' into text field '//*[@id="desc"]'.</msg>
<status status="PASS" starttime="20230520 23:01:09.100" endtime="20230520 23:01:09.398"/>
</kw>
<kw name="Click Button" library="SeleniumLibrary">
<arg>//*[@id="todo-form"]/button</arg>
<doc>Clicks the button identified by ``locator``.</doc>
<msg timestamp="20230520 23:01:09.399" level="INFO">Clicking button '//*[@id="todo-form"]/button'.</msg>
<status status="PASS" starttime="20230520 23:01:09.398" endtime="20230520 23:01:09.500"/>
</kw>
<kw name="Generate Random String" library="String">
<var>${title}</var>
<arg>20</arg>
<arg>[LETTERS]</arg>
<doc>Generates a string with a desired ``length`` from the given ``chars``.</doc>
<msg timestamp="20230520 23:01:09.511" level="INFO">${title} = uCjHNyOgImyHiCGrSkWs</msg>
<status status="PASS" starttime="20230520 23:01:09.510" endtime="20230520 23:01:09.511"/>
</kw>
<kw name="Generate Random String" library="String">
<var>${desc}</var>
<arg>64</arg>
<arg>[LETTERS]</arg>
<doc>Generates a string with a desired ``length`` from the given ``chars``.</doc>
<msg timestamp="20230520 23:01:09.513" level="INFO">${desc} = NKHHOqlCUOteegBvBkOCryZyCdxSSxAVJLLiogqkWdLJwlApKTbsmCGXSQXSRput</msg>
<status status="PASS" starttime="20230520 23:01:09.512" endtime="20230520 23:01:09.513"/>
</kw>
<kw name="Input Text" library="SeleniumLibrary">
<arg>//*[@id="todo"]</arg>
<arg>${title}</arg>
<doc>Types the given ``text`` into the text field identified by ``locator``.</doc>
<msg timestamp="20230520 23:01:09.517" level="INFO">Typing text 'uCjHNyOgImyHiCGrSkWs' into text field '//*[@id="todo"]'.</msg>
<status status="PASS" starttime="20230520 23:01:09.517" endtime="20230520 23:01:09.729"/>
</kw>
<kw name="Input Text" library="SeleniumLibrary">
<arg>//*[@id="desc"]</arg>
<arg>${desc}</arg>
<doc>Types the given ``text`` into the text field identified by ``locator``.</doc>
<msg timestamp="20230520 23:01:09.731" level="INFO">Typing text 'NKHHOqlCUOteegBvBkOCryZyCdxSSxAVJLLiogqkWdLJwlApKTbsmCGXSQXSRput' into text field '//*[@id="desc"]'.</msg>
<status status="PASS" starttime="20230520 23:01:09.730" endtime="20230520 23:01:10.058"/>
</kw>
<kw name="Click Button" library="SeleniumLibrary">
<arg>//*[@id="todo-form"]/button</arg>
<doc>Clicks the button identified by ``locator``.</doc>
<msg timestamp="20230520 23:01:10.062" level="INFO">Clicking button '//*[@id="todo-form"]/button'.</msg>
<status status="PASS" starttime="20230520 23:01:10.061" endtime="20230520 23:01:10.154"/>
</kw>
<kw name="Get Element Attribute" library="SeleniumLibrary">
<var>${temp}</var>
<arg>//*[@id="todo"]</arg>
<arg>value</arg>
<doc>Returns the value of ``attribute`` from the element ``locator``.</doc>
<msg timestamp="20230520 23:01:10.202" level="INFO">${temp} = </msg>
<status status="PASS" starttime="20230520 23:01:10.155" endtime="20230520 23:01:10.202"/>
</kw>
<kw name="Should Be Equal" library="BuiltIn">
<arg>${EMPTY}</arg>
<arg>${temp}</arg>
<doc>Fails if the given objects are unequal.</doc>
<status status="PASS" starttime="20230520 23:01:10.203" endtime="20230520 23:01:10.205"/>
</kw>
<kw name="Get Element Attribute" library="SeleniumLibrary">
<var>${temp}</var>
<arg>//*[@id="desc"]</arg>
<arg>value</arg>
<doc>Returns the value of ``attribute`` from the element ``locator``.</doc>
<msg timestamp="20230520 23:01:10.249" level="INFO">${temp} = </msg>
<status status="PASS" starttime="20230520 23:01:10.206" endtime="20230520 23:01:10.249"/>
</kw>
<kw name="Should Be Equal" library="BuiltIn">
<arg>${EMPTY}</arg>
<arg>${temp}</arg>
<doc>Fails if the given objects are unequal.</doc>
<status status="PASS" starttime="20230520 23:01:10.250" endtime="20230520 23:01:10.251"/>
</kw>
<kw name="Get WebElement" library="SeleniumLibrary">
<var>${insertedTitle}</var>
<arg>//tr[last()]/td[2]</arg>
<doc>Returns the first WebElement matching the given ``locator``.</doc>
<msg timestamp="20230520 23:01:10.275" level="INFO">${insertedTitle} = &lt;selenium.webdriver.remote.webelement.WebElement (session="f97142d2883c025e487e8b00b6dff12e", element="D258C9415B7FD094EEF03EA5E888AD05_element_9")&gt;</msg>
<status status="PASS" starttime="20230520 23:01:10.252" endtime="20230520 23:01:10.275"/>
</kw>
<kw name="Get WebElement" library="SeleniumLibrary">
<var>${insertedDesc}</var>
<arg>//tr[last()]/td[3]</arg>
<doc>Returns the first WebElement matching the given ``locator``.</doc>
<msg timestamp="20230520 23:01:10.302" level="INFO">${insertedDesc} = &lt;selenium.webdriver.remote.webelement.WebElement (session="f97142d2883c025e487e8b00b6dff12e", element="D258C9415B7FD094EEF03EA5E888AD05_element_10")&gt;</msg>
<status status="PASS" starttime="20230520 23:01:10.278" endtime="20230520 23:01:10.302"/>
</kw>
<kw name="Should Be Equal As Strings" library="BuiltIn">
<arg>${insertedTitle.text}</arg>
<arg>${title}</arg>
<doc>Fails if objects are unequal after converting them to strings.</doc>
<status status="PASS" starttime="20230520 23:01:10.303" endtime="20230520 23:01:10.331"/>
</kw>
<kw name="Should Be Equal As Strings" library="BuiltIn">
<arg>${insertedDesc.text}</arg>
<arg>${desc}</arg>
<doc>Fails if objects are unequal after converting them to strings.</doc>
<status status="PASS" starttime="20230520 23:01:10.332" endtime="20230520 23:01:10.351"/>
</kw>
<kw name="Get WebElement" library="SeleniumLibrary">
<var>${deleteButton}</var>
<arg>//tr[last()]/td[last()]/button</arg>
<doc>Returns the first WebElement matching the given ``locator``.</doc>
<msg timestamp="20230520 23:01:10.370" level="INFO">${deleteButton} = &lt;selenium.webdriver.remote.webelement.WebElement (session="f97142d2883c025e487e8b00b6dff12e", element="D258C9415B7FD094EEF03EA5E888AD05_element_11")&gt;</msg>
<status status="PASS" starttime="20230520 23:01:10.352" endtime="20230520 23:01:10.370"/>
</kw>
<kw name="Click Button" library="SeleniumLibrary">
<arg>${deleteButton}</arg>
<doc>Clicks the button identified by ``locator``.</doc>
<msg timestamp="20230520 23:01:10.371" level="INFO">Clicking button '&lt;selenium.webdriver.remote.webelement.WebElement (session="f97142d2883c025e487e8b00b6dff12e", element="D258C9415B7FD094EEF03EA5E888AD05_element_11")&gt;'.</msg>
<status status="PASS" starttime="20230520 23:01:10.371" endtime="20230520 23:01:10.451"/>
</kw>
<kw name="Get WebElement" library="SeleniumLibrary">
<var>${insertedTitle}</var>
<arg>//tr[last()]/td[2]</arg>
<doc>Returns the first WebElement matching the given ``locator``.</doc>
<msg timestamp="20230520 23:01:10.480" level="INFO">${insertedTitle} = &lt;selenium.webdriver.remote.webelement.WebElement (session="f97142d2883c025e487e8b00b6dff12e", element="D258C9415B7FD094EEF03EA5E888AD05_element_17")&gt;</msg>
<status status="PASS" starttime="20230520 23:01:10.452" endtime="20230520 23:01:10.481"/>
</kw>
<kw name="Get WebElement" library="SeleniumLibrary">
<var>${insertedDesc}</var>
<arg>//tr[last()]/td[3]</arg>
<doc>Returns the first WebElement matching the given ``locator``.</doc>
<msg timestamp="20230520 23:01:10.499" level="INFO">${insertedDesc} = &lt;selenium.webdriver.remote.webelement.WebElement (session="f97142d2883c025e487e8b00b6dff12e", element="D258C9415B7FD094EEF03EA5E888AD05_element_18")&gt;</msg>
<status status="PASS" starttime="20230520 23:01:10.482" endtime="20230520 23:01:10.499"/>
</kw>
<kw name="Should Be Equal As Strings" library="BuiltIn">
<arg>${insertedTitle.text}</arg>
<arg>${firstTitle}</arg>
<doc>Fails if objects are unequal after converting them to strings.</doc>
<status status="PASS" starttime="20230520 23:01:10.499" endtime="20230520 23:01:10.518"/>
</kw>
<kw name="Should Be Equal As Strings" library="BuiltIn">
<arg>${insertedDesc.text}</arg>
<arg>${firstDesc}</arg>
<doc>Fails if objects are unequal after converting them to strings.</doc>
<status status="PASS" starttime="20230520 23:01:10.520" endtime="20230520 23:01:10.538"/>
</kw>
<kw name="Close Browser" library="SeleniumLibrary" type="TEARDOWN">
<doc>Closes the current browser.</doc>
<status status="PASS" starttime="20230520 23:01:10.539" endtime="20230520 23:01:12.913"/>
</kw>
<status status="PASS" starttime="20230520 23:01:00.052" endtime="20230520 23:01:12.915"/>
</test>
<status status="PASS" starttime="20230520 23:00:59.410" endtime="20230520 23:01:12.918"/>
</suite>
<statistics>
<total>
<stat pass="1" fail="0" skip="0">All Tests</stat>
</total>
<tag>
</tag>
<suite>
<stat pass="1" fail="0" skip="0" id="s1" name="Frontend-Test-Suite">Frontend-Test-Suite</stat>
</suite>
</statistics>
<errors>
</errors>
</robot>
