<?xml version="1.0" encoding="UTF-8"?>
<robot generator="Robot 6.0.2 (Python 3.10.11 on win32)" generated="20230521 00:09:24.053" rpa="false" schemaversion="3">
<suite id="s1" name="Frontend-Test-Suite" source="D:\projects\Software Testing\Assignment 3\Software-Testing-Assi3-Frontend\Frontend-Test-Suite.robot">
<test id="s1-t1" name="Add new TODO" line="6">
<kw name="Open Browser" library="SeleniumLibrary">
<arg>http://127.0.0.1:5500/todo.html</arg>
<arg>edge</arg>
<doc>Opens a new browser instance to the optional ``url``.</doc>
<msg timestamp="20230521 00:09:24.660" level="INFO">Opening browser 'edge' to base url 'http://127.0.0.1:5500/todo.html'.</msg>
<msg timestamp="20230521 00:09:24.710" level="INFO">Applicable driver not found; attempting to install with Selenium Manager (Beta)</msg>
<status status="PASS" starttime="20230521 00:09:24.659" endtime="20230521 00:09:51.138"/>
</kw>
<kw name="Generate Random String" library="String">
<var>${title}</var>
<arg>20</arg>
<arg>[LETTERS]</arg>
<doc>Generates a string with a desired ``length`` from the given ``chars``.</doc>
<msg timestamp="20230521 00:09:51.251" level="INFO">${title} = VRTJfwDRTXFsShEoYKdB</msg>
<status status="PASS" starttime="20230521 00:09:51.250" endtime="20230521 00:09:51.251"/>
</kw>
<kw name="Generate Random String" library="String">
<var>${desc}</var>
<arg>64</arg>
<arg>[LETTERS]</arg>
<doc>Generates a string with a desired ``length`` from the given ``chars``.</doc>
<msg timestamp="20230521 00:09:51.252" level="INFO">${desc} = WZtPukbuJSuxZKcwWUoQukXUrvTRnQXvinRyNrQElSXetyQBxtErBWbrtOzojvHp</msg>
<status status="PASS" starttime="20230521 00:09:51.251" endtime="20230521 00:09:51.252"/>
</kw>
<kw name="Input Text" library="SeleniumLibrary">
<arg>//*[@id="todo"]</arg>
<arg>${title}</arg>
<doc>Types the given ``text`` into the text field identified by ``locator``.</doc>
<msg timestamp="20230521 00:09:51.255" level="INFO">Typing text 'VRTJfwDRTXFsShEoYKdB' into text field '//*[@id="todo"]'.</msg>
<status status="PASS" starttime="20230521 00:09:51.253" endtime="20230521 00:09:51.688"/>
</kw>
<kw name="Input Text" library="SeleniumLibrary">
<arg>//*[@id="desc"]</arg>
<arg>${desc}</arg>
<doc>Types the given ``text`` into the text field identified by ``locator``.</doc>
<msg timestamp="20230521 00:09:51.690" level="INFO">Typing text 'WZtPukbuJSuxZKcwWUoQukXUrvTRnQXvinRyNrQElSXetyQBxtErBWbrtOzojvHp' into text field '//*[@id="desc"]'.</msg>
<status status="PASS" starttime="20230521 00:09:51.689" endtime="20230521 00:09:52.219"/>
</kw>
<kw name="Click Button" library="SeleniumLibrary">
<arg>//*[@id="todo-form"]/button</arg>
<doc>Clicks the button identified by ``locator``.</doc>
<msg timestamp="20230521 00:09:52.222" level="INFO">Clicking button '//*[@id="todo-form"]/button'.</msg>
<status status="PASS" starttime="20230521 00:09:52.221" endtime="20230521 00:09:52.344"/>
</kw>
<kw name="Get Element Attribute" library="SeleniumLibrary">
<var>${temp}</var>
<arg>//*[@id="todo"]</arg>
<arg>value</arg>
<doc>Returns the value of ``attribute`` from the element ``locator``.</doc>
<msg timestamp="20230521 00:09:52.411" level="INFO">${temp} = </msg>
<status status="PASS" starttime="20230521 00:09:52.354" endtime="20230521 00:09:52.411"/>
</kw>
<kw name="Should Be Equal" library="BuiltIn">
<arg>${EMPTY}</arg>
<arg>${temp}</arg>
<doc>Fails if the given objects are unequal.</doc>
<status status="PASS" starttime="20230521 00:09:52.415" endtime="20230521 00:09:52.416"/>
</kw>
<kw name="Get Element Attribute" library="SeleniumLibrary">
<var>${temp}</var>
<arg>//*[@id="desc"]</arg>
<arg>value</arg>
<doc>Returns the value of ``attribute`` from the element ``locator``.</doc>
<msg timestamp="20230521 00:09:52.453" level="INFO">${temp} = </msg>
<status status="PASS" starttime="20230521 00:09:52.418" endtime="20230521 00:09:52.453"/>
</kw>
<kw name="Should Be Equal" library="BuiltIn">
<arg>${EMPTY}</arg>
<arg>${temp}</arg>
<doc>Fails if the given objects are unequal.</doc>
<status status="PASS" starttime="20230521 00:09:52.453" endtime="20230521 00:09:52.454"/>
</kw>
<kw name="Get WebElement" library="SeleniumLibrary">
<var>${insertedTitle}</var>
<arg>//tr[last()]/td[2]</arg>
<doc>Returns the first WebElement matching the given ``locator``.</doc>
<msg timestamp="20230521 00:09:52.471" level="INFO">${insertedTitle} = &lt;selenium.webdriver.remote.webelement.WebElement (session="99672b8f488ff6afe32bbcae4f1b2182", element="17C84561FDACD5993013629B8A9ABCBD_element_14")&gt;</msg>
<status status="PASS" starttime="20230521 00:09:52.455" endtime="20230521 00:09:52.472"/>
</kw>
<kw name="Get WebElement" library="SeleniumLibrary">
<var>${insertedDesc}</var>
<arg>//tr[last()]/td[3]</arg>
<doc>Returns the first WebElement matching the given ``locator``.</doc>
<msg timestamp="20230521 00:09:52.494" level="INFO">${insertedDesc} = &lt;selenium.webdriver.remote.webelement.WebElement (session="99672b8f488ff6afe32bbcae4f1b2182", element="17C84561FDACD5993013629B8A9ABCBD_element_15")&gt;</msg>
<status status="PASS" starttime="20230521 00:09:52.474" endtime="20230521 00:09:52.494"/>
</kw>
<kw name="Should Be Equal As Strings" library="BuiltIn">
<arg>${insertedTitle.text}</arg>
<arg>${title}</arg>
<doc>Fails if objects are unequal after converting them to strings.</doc>
<status status="PASS" starttime="20230521 00:09:52.494" endtime="20230521 00:09:52.521"/>
</kw>
<kw name="Should Be Equal As Strings" library="BuiltIn">
<arg>${insertedDesc.text}</arg>
<arg>${desc}</arg>
<doc>Fails if objects are unequal after converting them to strings.</doc>
<status status="PASS" starttime="20230521 00:09:52.522" endtime="20230521 00:09:52.534"/>
</kw>
<kw name="Close Browser" library="SeleniumLibrary" type="TEARDOWN">
<doc>Closes the current browser.</doc>
<status status="PASS" starttime="20230521 00:09:52.535" endtime="20230521 00:09:54.846"/>
</kw>
<status status="PASS" starttime="20230521 00:09:24.658" endtime="20230521 00:09:54.847"/>
</test>
<test id="s1-t2" name="Delete TODO" line="23">
<kw name="Open Browser" library="SeleniumLibrary">
<arg>http://127.0.0.1:5500/todo.html</arg>
<arg>edge</arg>
<doc>Opens a new browser instance to the optional ``url``.</doc>
<msg timestamp="20230521 00:09:54.851" level="INFO">Opening browser 'edge' to base url 'http://127.0.0.1:5500/todo.html'.</msg>
<msg timestamp="20230521 00:09:54.894" level="INFO">Applicable driver not found; attempting to install with Selenium Manager (Beta)</msg>
<status status="PASS" starttime="20230521 00:09:54.850" endtime="20230521 00:09:58.032"/>
</kw>
<kw name="Generate Random String" library="String">
<var>${firstTitle}</var>
<arg>20</arg>
<arg>[LETTERS]</arg>
<doc>Generates a string with a desired ``length`` from the given ``chars``.</doc>
<msg timestamp="20230521 00:09:58.034" level="INFO">${firstTitle} = PBTCdhiKLqZswjLuSUMH</msg>
<status status="PASS" starttime="20230521 00:09:58.033" endtime="20230521 00:09:58.034"/>
</kw>
<kw name="Generate Random String" library="String">
<var>${firstDesc}</var>
<arg>64</arg>
<arg>[LETTERS]</arg>
<doc>Generates a string with a desired ``length`` from the given ``chars``.</doc>
<msg timestamp="20230521 00:09:58.037" level="INFO">${firstDesc} = mmgsuBzFOJyHMhPyoKWbLbBNOeyOujCewojgmFnNpHDhhgJbwhXivyvkFVAqvMKD</msg>
<status status="PASS" starttime="20230521 00:09:58.036" endtime="20230521 00:09:58.037"/>
</kw>
<kw name="Input Text" library="SeleniumLibrary">
<arg>//*[@id="todo"]</arg>
<arg>${firstTitle}</arg>
<doc>Types the given ``text`` into the text field identified by ``locator``.</doc>
<msg timestamp="20230521 00:09:58.040" level="INFO">Typing text 'PBTCdhiKLqZswjLuSUMH' into text field '//*[@id="todo"]'.</msg>
<status status="PASS" starttime="20230521 00:09:58.039" endtime="20230521 00:09:58.540"/>
</kw>
<kw name="Input Text" library="SeleniumLibrary">
<arg>//*[@id="desc"]</arg>
<arg>${firstDesc}</arg>
<doc>Types the given ``text`` into the text field identified by ``locator``.</doc>
<msg timestamp="20230521 00:09:58.542" level="INFO">Typing text 'mmgsuBzFOJyHMhPyoKWbLbBNOeyOujCewojgmFnNpHDhhgJbwhXivyvkFVAqvMKD' into text field '//*[@id="desc"]'.</msg>
<status status="PASS" starttime="20230521 00:09:58.541" endtime="20230521 00:09:59.100"/>
</kw>
<kw name="Click Button" library="SeleniumLibrary">
<arg>//*[@id="todo-form"]/button</arg>
<doc>Clicks the button identified by ``locator``.</doc>
<msg timestamp="20230521 00:09:59.108" level="INFO">Clicking button '//*[@id="todo-form"]/button'.</msg>
<status status="PASS" starttime="20230521 00:09:59.107" endtime="20230521 00:09:59.275"/>
</kw>
<kw name="Generate Random String" library="String">
<var>${title}</var>
<arg>20</arg>
<arg>[LETTERS]</arg>
<doc>Generates a string with a desired ``length`` from the given ``chars``.</doc>
<msg timestamp="20230521 00:09:59.277" level="INFO">${title} = iaHpmzoEMPIMGLtXEUzo</msg>
<status status="PASS" starttime="20230521 00:09:59.276" endtime="20230521 00:09:59.277"/>
</kw>
<kw name="Generate Random String" library="String">
<var>${desc}</var>
<arg>64</arg>
<arg>[LETTERS]</arg>
<doc>Generates a string with a desired ``length`` from the given ``chars``.</doc>
<msg timestamp="20230521 00:09:59.278" level="INFO">${desc} = GtTkbkSSLUeBzOqIjosKMJjjXvjEsnAxixSwpGnkjmzJsHHiMYUhdbnxwZDTRIZz</msg>
<status status="PASS" starttime="20230521 00:09:59.277" endtime="20230521 00:09:59.278"/>
</kw>
<kw name="Input Text" library="SeleniumLibrary">
<arg>//*[@id="todo"]</arg>
<arg>${title}</arg>
<doc>Types the given ``text`` into the text field identified by ``locator``.</doc>
<msg timestamp="20230521 00:09:59.280" level="INFO">Typing text 'iaHpmzoEMPIMGLtXEUzo' into text field '//*[@id="todo"]'.</msg>
<status status="PASS" starttime="20230521 00:09:59.279" endtime="20230521 00:09:59.503"/>
</kw>
<kw name="Input Text" library="SeleniumLibrary">
<arg>//*[@id="desc"]</arg>
<arg>${desc}</arg>
<doc>Types the given ``text`` into the text field identified by ``locator``.</doc>
<msg timestamp="20230521 00:09:59.506" level="INFO">Typing text 'GtTkbkSSLUeBzOqIjosKMJjjXvjEsnAxixSwpGnkjmzJsHHiMYUhdbnxwZDTRIZz' into text field '//*[@id="desc"]'.</msg>
<status status="PASS" starttime="20230521 00:09:59.504" endtime="20230521 00:10:00.124"/>
</kw>
<kw name="Click Button" library="SeleniumLibrary">
<arg>//*[@id="todo-form"]/button</arg>
<doc>Clicks the button identified by ``locator``.</doc>
<msg timestamp="20230521 00:10:00.129" level="INFO">Clicking button '//*[@id="todo-form"]/button'.</msg>
<status status="PASS" starttime="20230521 00:10:00.127" endtime="20230521 00:10:00.243"/>
</kw>
<kw name="Get WebElement" library="SeleniumLibrary">
<var>${deleteButton}</var>
<arg>//tr[last()]/td[last()]/button</arg>
<doc>Returns the first WebElement matching the given ``locator``.</doc>
<msg timestamp="20230521 00:10:00.282" level="INFO">${deleteButton} = &lt;selenium.webdriver.remote.webelement.WebElement (session="96b988daf866663b28be0a191a88071c", element="94C8DE6914D0CDD904190127CDE873E1_element_15")&gt;</msg>
<status status="PASS" starttime="20230521 00:10:00.245" endtime="20230521 00:10:00.283"/>
</kw>
<kw name="Click Button" library="SeleniumLibrary">
<arg>${deleteButton}</arg>
<doc>Clicks the button identified by ``locator``.</doc>
<msg timestamp="20230521 00:10:00.284" level="INFO">Clicking button '&lt;selenium.webdriver.remote.webelement.WebElement (session="96b988daf866663b28be0a191a88071c", element="94C8DE6914D0CDD904190127CDE873E1_element_15")&gt;'.</msg>
<status status="PASS" starttime="20230521 00:10:00.283" endtime="20230521 00:10:00.428"/>
</kw>
<kw name="Get WebElement" library="SeleniumLibrary">
<var>${insertedTitle}</var>
<arg>//tr[last()]/td[2]</arg>
<doc>Returns the first WebElement matching the given ``locator``.</doc>
<msg timestamp="20230521 00:10:00.471" level="INFO">${insertedTitle} = &lt;selenium.webdriver.remote.webelement.WebElement (session="96b988daf866663b28be0a191a88071c", element="94C8DE6914D0CDD904190127CDE873E1_element_16")&gt;</msg>
<status status="PASS" starttime="20230521 00:10:00.429" endtime="20230521 00:10:00.471"/>
</kw>
<kw name="Get WebElement" library="SeleniumLibrary">
<var>${insertedDesc}</var>
<arg>//tr[last()]/td[3]</arg>
<doc>Returns the first WebElement matching the given ``locator``.</doc>
<msg timestamp="20230521 00:10:00.500" level="INFO">${insertedDesc} = &lt;selenium.webdriver.remote.webelement.WebElement (session="96b988daf866663b28be0a191a88071c", element="94C8DE6914D0CDD904190127CDE873E1_element_17")&gt;</msg>
<status status="PASS" starttime="20230521 00:10:00.474" endtime="20230521 00:10:00.500"/>
</kw>
<kw name="Should Be Equal As Strings" library="BuiltIn">
<arg>${insertedTitle.text}</arg>
<arg>${firstTitle}</arg>
<doc>Fails if objects are unequal after converting them to strings.</doc>
<status status="PASS" starttime="20230521 00:10:00.501" endtime="20230521 00:10:00.529"/>
</kw>
<kw name="Should Be Equal As Strings" library="BuiltIn">
<arg>${insertedDesc.text}</arg>
<arg>${firstDesc}</arg>
<doc>Fails if objects are unequal after converting them to strings.</doc>
<status status="PASS" starttime="20230521 00:10:00.531" endtime="20230521 00:10:00.561"/>
</kw>
<kw name="Close Browser" library="SeleniumLibrary" type="TEARDOWN">
<doc>Closes the current browser.</doc>
<status status="PASS" starttime="20230521 00:10:00.563" endtime="20230521 00:10:02.999"/>
</kw>
<status status="PASS" starttime="20230521 00:09:54.849" endtime="20230521 00:10:03.000"/>
</test>
<test id="s1-t3" name="Update completion" line="47">
<kw name="Open Browser" library="SeleniumLibrary">
<arg>http://127.0.0.1:5500/todo.html</arg>
<arg>edge</arg>
<doc>Opens a new browser instance to the optional ``url``.</doc>
<msg timestamp="20230521 00:10:03.003" level="INFO">Opening browser 'edge' to base url 'http://127.0.0.1:5500/todo.html'.</msg>
<msg timestamp="20230521 00:10:03.043" level="INFO">Applicable driver not found; attempting to install with Selenium Manager (Beta)</msg>
<status status="PASS" starttime="20230521 00:10:03.002" endtime="20230521 00:10:05.899"/>
</kw>
<kw name="Generate Random String" library="String">
<var>${firstTitle}</var>
<arg>20</arg>
<arg>[LETTERS]</arg>
<doc>Generates a string with a desired ``length`` from the given ``chars``.</doc>
<msg timestamp="20230521 00:10:05.937" level="INFO">${firstTitle} = IqtZyrOhVHcEFvpLmzEi</msg>
<status status="PASS" starttime="20230521 00:10:05.936" endtime="20230521 00:10:05.937"/>
</kw>
<kw name="Generate Random String" library="String">
<var>${firstDesc}</var>
<arg>64</arg>
<arg>[LETTERS]</arg>
<doc>Generates a string with a desired ``length`` from the given ``chars``.</doc>
<msg timestamp="20230521 00:10:05.938" level="INFO">${firstDesc} = wkzRRGhRpIcZFtlwDREcDFlnNHKnvBHQYVkGatxlSFEMhRdJamAtugjwlmAoQrkE</msg>
<status status="PASS" starttime="20230521 00:10:05.938" endtime="20230521 00:10:05.938"/>
</kw>
<kw name="Input Text" library="SeleniumLibrary">
<arg>//*[@id="todo"]</arg>
<arg>${firstTitle}</arg>
<doc>Types the given ``text`` into the text field identified by ``locator``.</doc>
<msg timestamp="20230521 00:10:05.940" level="INFO">Typing text 'IqtZyrOhVHcEFvpLmzEi' into text field '//*[@id="todo"]'.</msg>
<status status="PASS" starttime="20230521 00:10:05.939" endtime="20230521 00:10:06.596"/>
</kw>
<kw name="Input Text" library="SeleniumLibrary">
<arg>//*[@id="desc"]</arg>
<arg>${firstDesc}</arg>
<doc>Types the given ``text`` into the text field identified by ``locator``.</doc>
<msg timestamp="20230521 00:10:06.598" level="INFO">Typing text 'wkzRRGhRpIcZFtlwDREcDFlnNHKnvBHQYVkGatxlSFEMhRdJamAtugjwlmAoQrkE' into text field '//*[@id="desc"]'.</msg>
<status status="PASS" starttime="20230521 00:10:06.597" endtime="20230521 00:10:07.070"/>
</kw>
<kw name="Click Button" library="SeleniumLibrary">
<arg>//*[@id="todo-form"]/button</arg>
<doc>Clicks the button identified by ``locator``.</doc>
<msg timestamp="20230521 00:10:07.072" level="INFO">Clicking button '//*[@id="todo-form"]/button'.</msg>
<status status="PASS" starttime="20230521 00:10:07.071" endtime="20230521 00:10:07.209"/>
</kw>
<kw name="Generate Random String" library="String">
<var>${secondTitle}</var>
<arg>20</arg>
<arg>[LETTERS]</arg>
<doc>Generates a string with a desired ``length`` from the given ``chars``.</doc>
<msg timestamp="20230521 00:10:07.212" level="INFO">${secondTitle} = VbGbNcfTFKuzGwpUEqoD</msg>
<status status="PASS" starttime="20230521 00:10:07.210" endtime="20230521 00:10:07.212"/>
</kw>
<kw name="Generate Random String" library="String">
<var>${secondDesc}</var>
<arg>64</arg>
<arg>[LETTERS]</arg>
<doc>Generates a string with a desired ``length`` from the given ``chars``.</doc>
<msg timestamp="20230521 00:10:07.214" level="INFO">${secondDesc} = PXZNKTjfUIZSlNffqWHPFtXTrHLEPsQzOpzTyEqbcYZDsCBgiekyRLICKnrgYxEv</msg>
<status status="PASS" starttime="20230521 00:10:07.213" endtime="20230521 00:10:07.214"/>
</kw>
<kw name="Input Text" library="SeleniumLibrary">
<arg>//*[@id="todo"]</arg>
<arg>${secondTitle}</arg>
<doc>Types the given ``text`` into the text field identified by ``locator``.</doc>
<msg timestamp="20230521 00:10:07.216" level="INFO">Typing text 'VbGbNcfTFKuzGwpUEqoD' into text field '//*[@id="todo"]'.</msg>
<status status="PASS" starttime="20230521 00:10:07.215" endtime="20230521 00:10:07.404"/>
</kw>
<kw name="Input Text" library="SeleniumLibrary">
<arg>//*[@id="desc"]</arg>
<arg>${secondDesc}</arg>
<doc>Types the given ``text`` into the text field identified by ``locator``.</doc>
<msg timestamp="20230521 00:10:07.407" level="INFO">Typing text 'PXZNKTjfUIZSlNffqWHPFtXTrHLEPsQzOpzTyEqbcYZDsCBgiekyRLICKnrgYxEv' into text field '//*[@id="desc"]'.</msg>
<status status="PASS" starttime="20230521 00:10:07.406" endtime="20230521 00:10:07.803"/>
</kw>
<kw name="Click Button" library="SeleniumLibrary">
<arg>//*[@id="todo-form"]/button</arg>
<doc>Clicks the button identified by ``locator``.</doc>
<msg timestamp="20230521 00:10:07.804" level="INFO">Clicking button '//*[@id="todo-form"]/button'.</msg>
<status status="PASS" starttime="20230521 00:10:07.804" endtime="20230521 00:10:07.892"/>
</kw>
<kw name="Select Checkbox" library="SeleniumLibrary">
<arg>//tr[last()]/td[4]/input[type="checkbox"]</arg>
<doc>Selects the checkbox identified by ``locator``.</doc>
<msg timestamp="20230521 00:10:07.894" level="INFO">Selecting checkbox '//tr[last()]/td[4]/input[type="checkbox"]'.</msg>
<msg timestamp="20230521 00:10:08.078" level="INFO" html="true">&lt;/td&gt;&lt;/tr&gt;&lt;tr&gt;&lt;td colspan="3"&gt;&lt;a href="selenium-screenshot-1.png"&gt;&lt;img src="selenium-screenshot-1.png" width="800px"&gt;&lt;/a&gt;</msg>
<msg timestamp="20230521 00:10:08.078" level="FAIL">Checkbox with locator '//tr[last()]/td[4]/input[type="checkbox"]' not found.</msg>
<status status="FAIL" starttime="20230521 00:10:07.893" endtime="20230521 00:10:08.084"/>
</kw>
<kw name="Reload Page" library="SeleniumLibrary">
<doc>Simulates user reloading page.</doc>
<status status="NOT RUN" starttime="20230521 00:10:08.085" endtime="20230521 00:10:08.086"/>
</kw>
<kw name="Checkbox Should Not Be Selected" library="SeleniumLibrary">
<arg>//*[@id="checkbox-1"]</arg>
<doc>Verifies checkbox ``locator`` is not selected/checked.</doc>
<status status="NOT RUN" starttime="20230521 00:10:08.086" endtime="20230521 00:10:08.086"/>
</kw>
<kw name="Checkbox Should Be Selected" library="SeleniumLibrary">
<arg>//*[@id="checkbox-2"]</arg>
<doc>Verifies checkbox ``locator`` is selected/checked.</doc>
<status status="NOT RUN" starttime="20230521 00:10:08.087" endtime="20230521 00:10:08.087"/>
</kw>
<kw name="Close Browser" library="SeleniumLibrary" type="TEARDOWN">
<doc>Closes the current browser.</doc>
<status status="PASS" starttime="20230521 00:10:08.088" endtime="20230521 00:10:10.321"/>
</kw>
<status status="FAIL" starttime="20230521 00:10:03.001" endtime="20230521 00:10:10.326">Checkbox with locator '//tr[last()]/td[4]/input[type="checkbox"]' not found.</status>
</test>
<test id="s1-t4" name="All TODO" line="69">
<kw name="Open Browser" library="SeleniumLibrary">
<arg>http://127.0.0.1:5500/todo.html</arg>
<arg>edge</arg>
<doc>Opens a new browser instance to the optional ``url``.</doc>
<msg timestamp="20230521 00:10:10.333" level="INFO">Opening browser 'edge' to base url 'http://127.0.0.1:5500/todo.html'.</msg>
<msg timestamp="20230521 00:10:10.387" level="INFO">Applicable driver not found; attempting to install with Selenium Manager (Beta)</msg>
<status status="PASS" starttime="20230521 00:10:10.330" endtime="20230521 00:10:37.234"/>
</kw>
<kw name="Generate Random String" library="String">
<var>${firstTitle}</var>
<arg>20</arg>
<arg>[LETTERS]</arg>
<doc>Generates a string with a desired ``length`` from the given ``chars``.</doc>
<msg timestamp="20230521 00:10:37.238" level="INFO">${firstTitle} = yUOAmKEDdAYIAsufNokG</msg>
<status status="PASS" starttime="20230521 00:10:37.237" endtime="20230521 00:10:37.238"/>
</kw>
<kw name="Generate Random String" library="String">
<var>${firstDesc}</var>
<arg>64</arg>
<arg>[LETTERS]</arg>
<doc>Generates a string with a desired ``length`` from the given ``chars``.</doc>
<msg timestamp="20230521 00:10:37.240" level="INFO">${firstDesc} = QTkoZlVAQnTfUnZkwwSsHTuzwoCWgKzLzmlwaOxIverVsoXiApacxTGtlwUxKWfm</msg>
<status status="PASS" starttime="20230521 00:10:37.239" endtime="20230521 00:10:37.240"/>
</kw>
<kw name="Input Text" library="SeleniumLibrary">
<arg>//*[@id="todo"]</arg>
<arg>${firstTitle}</arg>
<doc>Types the given ``text`` into the text field identified by ``locator``.</doc>
<msg timestamp="20230521 00:10:37.245" level="INFO">Typing text 'yUOAmKEDdAYIAsufNokG' into text field '//*[@id="todo"]'.</msg>
<status status="PASS" starttime="20230521 00:10:37.244" endtime="20230521 00:10:37.518"/>
</kw>
<kw name="Input Text" library="SeleniumLibrary">
<arg>//*[@id="desc"]</arg>
<arg>${firstDesc}</arg>
<doc>Types the given ``text`` into the text field identified by ``locator``.</doc>
<msg timestamp="20230521 00:10:37.522" level="INFO">Typing text 'QTkoZlVAQnTfUnZkwwSsHTuzwoCWgKzLzmlwaOxIverVsoXiApacxTGtlwUxKWfm' into text field '//*[@id="desc"]'.</msg>
<status status="PASS" starttime="20230521 00:10:37.520" endtime="20230521 00:10:37.876"/>
</kw>
<kw name="Click Button" library="SeleniumLibrary">
<arg>//*[@id="todo-form"]/button</arg>
<doc>Clicks the button identified by ``locator``.</doc>
<msg timestamp="20230521 00:10:37.880" level="INFO">Clicking button '//*[@id="todo-form"]/button'.</msg>
<status status="PASS" starttime="20230521 00:10:37.879" endtime="20230521 00:10:38.000"/>
</kw>
<kw name="Generate Random String" library="String">
<var>${secondTitle}</var>
<arg>20</arg>
<arg>[LETTERS]</arg>
<doc>Generates a string with a desired ``length`` from the given ``chars``.</doc>
<msg timestamp="20230521 00:10:38.001" level="INFO">${secondTitle} = hQiLUGgAFEDKaorijLQn</msg>
<status status="PASS" starttime="20230521 00:10:38.000" endtime="20230521 00:10:38.001"/>
</kw>
<kw name="Generate Random String" library="String">
<var>${secondDesc}</var>
<arg>64</arg>
<arg>[LETTERS]</arg>
<doc>Generates a string with a desired ``length`` from the given ``chars``.</doc>
<msg timestamp="20230521 00:10:38.002" level="INFO">${secondDesc} = oYLvEuNZHSyJxRXIdLlBuWesVZsLirJYzSKhfvatdWcyApfiaMtIKZyUkWubSZsk</msg>
<status status="PASS" starttime="20230521 00:10:38.002" endtime="20230521 00:10:38.003"/>
</kw>
<kw name="Input Text" library="SeleniumLibrary">
<arg>//*[@id="todo"]</arg>
<arg>${secondTitle}</arg>
<doc>Types the given ``text`` into the text field identified by ``locator``.</doc>
<msg timestamp="20230521 00:10:38.004" level="INFO">Typing text 'hQiLUGgAFEDKaorijLQn' into text field '//*[@id="todo"]'.</msg>
<status status="PASS" starttime="20230521 00:10:38.003" endtime="20230521 00:10:38.164"/>
</kw>
<kw name="Input Text" library="SeleniumLibrary">
<arg>//*[@id="desc"]</arg>
<arg>${secondDesc}</arg>
<doc>Types the given ``text`` into the text field identified by ``locator``.</doc>
<msg timestamp="20230521 00:10:38.167" level="INFO">Typing text 'oYLvEuNZHSyJxRXIdLlBuWesVZsLirJYzSKhfvatdWcyApfiaMtIKZyUkWubSZsk' into text field '//*[@id="desc"]'.</msg>
<status status="PASS" starttime="20230521 00:10:38.165" endtime="20230521 00:10:38.481"/>
</kw>
<kw name="Click Button" library="SeleniumLibrary">
<arg>//*[@id="todo-form"]/button</arg>
<doc>Clicks the button identified by ``locator``.</doc>
<msg timestamp="20230521 00:10:38.484" level="INFO">Clicking button '//*[@id="todo-form"]/button'.</msg>
<status status="PASS" starttime="20230521 00:10:38.483" endtime="20230521 00:10:38.571"/>
</kw>
<kw name="Generate Random String" library="String">
<var>${thridTitle}</var>
<arg>20</arg>
<arg>[LETTERS]</arg>
<doc>Generates a string with a desired ``length`` from the given ``chars``.</doc>
<msg timestamp="20230521 00:10:38.572" level="INFO">${thridTitle} = evoigCLybldBLFlyTmFu</msg>
<status status="PASS" starttime="20230521 00:10:38.571" endtime="20230521 00:10:38.572"/>
</kw>
<kw name="Generate Random String" library="String">
<var>${thridDesc}</var>
<arg>64</arg>
<arg>[LETTERS]</arg>
<doc>Generates a string with a desired ``length`` from the given ``chars``.</doc>
<msg timestamp="20230521 00:10:38.574" level="INFO">${thridDesc} = wvYAWqIwPOyCRFcFqddXlaTYnPmBMniLEOeeutOCVPzZBRvvLZyPQVOxdFRAAJoT</msg>
<status status="PASS" starttime="20230521 00:10:38.573" endtime="20230521 00:10:38.574"/>
</kw>
<kw name="Input Text" library="SeleniumLibrary">
<arg>//*[@id="todo"]</arg>
<arg>${thridTitle}</arg>
<doc>Types the given ``text`` into the text field identified by ``locator``.</doc>
<msg timestamp="20230521 00:10:38.576" level="INFO">Typing text 'evoigCLybldBLFlyTmFu' into text field '//*[@id="todo"]'.</msg>
<status status="PASS" starttime="20230521 00:10:38.574" endtime="20230521 00:10:38.711"/>
</kw>
<kw name="Input Text" library="SeleniumLibrary">
<arg>//*[@id="desc"]</arg>
<arg>${thridDesc}</arg>
<doc>Types the given ``text`` into the text field identified by ``locator``.</doc>
<msg timestamp="20230521 00:10:38.715" level="INFO">Typing text 'wvYAWqIwPOyCRFcFqddXlaTYnPmBMniLEOeeutOCVPzZBRvvLZyPQVOxdFRAAJoT' into text field '//*[@id="desc"]'.</msg>
<status status="PASS" starttime="20230521 00:10:38.713" endtime="20230521 00:10:38.990"/>
</kw>
<kw name="Click Button" library="SeleniumLibrary">
<arg>//*[@id="todo-form"]/button</arg>
<doc>Clicks the button identified by ``locator``.</doc>
<msg timestamp="20230521 00:10:38.992" level="INFO">Clicking button '//*[@id="todo-form"]/button'.</msg>
<status status="PASS" starttime="20230521 00:10:38.991" endtime="20230521 00:10:39.072"/>
</kw>
<kw name="Select Checkbox" library="SeleniumLibrary">
<arg>//tr[last()]/td[4]/input</arg>
<doc>Selects the checkbox identified by ``locator``.</doc>
<msg timestamp="20230521 00:10:39.074" level="INFO">Selecting checkbox '//tr[last()]/td[4]/input'.</msg>
<status status="PASS" starttime="20230521 00:10:39.073" endtime="20230521 00:10:39.191"/>
</kw>
<kw name="Select Checkbox" library="SeleniumLibrary">
<arg>//tr[last() - 1]/td[4]/input</arg>
<doc>Selects the checkbox identified by ``locator``.</doc>
<msg timestamp="20230521 00:10:39.193" level="INFO">Selecting checkbox '//tr[last() - 1]/td[4]/input'.</msg>
<status status="PASS" starttime="20230521 00:10:39.192" endtime="20230521 00:10:39.306"/>
</kw>
<kw name="Get WebElements" library="SeleniumLibrary">
<var>${elementsBeforeClick}</var>
<arg>//tbody[id="todo-table"]/tr</arg>
<doc>Returns a list of WebElement objects matching the ``locator``.</doc>
<msg timestamp="20230521 00:10:39.333" level="INFO">${elementsBeforeClick} = []</msg>
<status status="PASS" starttime="20230521 00:10:39.306" endtime="20230521 00:10:39.333"/>
</kw>
<kw name="Click Button" library="SeleniumLibrary">
<arg>//html/body/div/div/div[2]/button[1]</arg>
<doc>Clicks the button identified by ``locator``.</doc>
<msg timestamp="20230521 00:10:39.335" level="INFO">Clicking button '//html/body/div/div/div[2]/button[1]'.</msg>
<status status="PASS" starttime="20230521 00:10:39.334" endtime="20230521 00:10:39.422"/>
</kw>
<kw name="Get WebElements" library="SeleniumLibrary">
<var>${elementsAfterClick}</var>
<arg>//tbody[id="todo-table"]/tr</arg>
<doc>Returns a list of WebElement objects matching the ``locator``.</doc>
<msg timestamp="20230521 00:10:39.498" level="INFO">${elementsAfterClick} = []</msg>
<status status="PASS" starttime="20230521 00:10:39.424" endtime="20230521 00:10:39.498"/>
</kw>
<kw name="Get Length" library="BuiltIn">
<var>${size}</var>
<arg>${elementsBeforeClick}</arg>
<doc>Returns and logs the length of the given item as an integer.</doc>
<msg timestamp="20230521 00:10:39.499" level="INFO">Length is 0</msg>
<msg timestamp="20230521 00:10:39.499" level="INFO">${size} = 0</msg>
<status status="PASS" starttime="20230521 00:10:39.498" endtime="20230521 00:10:39.499"/>
</kw>
<for flavor="IN RANGE">
<var>${i}</var>
<value>${size}</value>
<iter>
<var name="${i}"/>
<kw name="Should Be Equal" library="BuiltIn">
<arg>${elementsAfterClick[${i}]}</arg>
<arg>${elementsBeforeClick[${i}]}</arg>
<doc>Fails if the given objects are unequal.</doc>
<status status="NOT RUN" starttime="20230521 00:10:39.500" endtime="20230521 00:10:39.500"/>
</kw>
<status status="NOT RUN" starttime="20230521 00:10:39.500" endtime="20230521 00:10:39.500"/>
</iter>
<status status="NOT RUN" starttime="20230521 00:10:39.500" endtime="20230521 00:10:39.500"/>
</for>
<kw name="Close Browser" library="SeleniumLibrary" type="TEARDOWN">
<doc>Closes the current browser.</doc>
<status status="PASS" starttime="20230521 00:10:39.502" endtime="20230521 00:10:41.700"/>
</kw>
<status status="PASS" starttime="20230521 00:10:10.328" endtime="20230521 00:10:41.700"/>
</test>
<test id="s1-t5" name="Get completed" line="106">
<kw name="Open Browser" library="SeleniumLibrary">
<arg>http://127.0.0.1:5500/todo.html</arg>
<arg>edge</arg>
<doc>Opens a new browser instance to the optional ``url``.</doc>
<msg timestamp="20230521 00:10:41.704" level="INFO">Opening browser 'edge' to base url 'http://127.0.0.1:5500/todo.html'.</msg>
<msg timestamp="20230521 00:10:41.731" level="INFO">Applicable driver not found; attempting to install with Selenium Manager (Beta)</msg>
<status status="PASS" starttime="20230521 00:10:41.703" endtime="20230521 00:10:44.112"/>
</kw>
<kw name="Generate Random String" library="String">
<var>${firstTitle}</var>
<arg>20</arg>
<arg>[LETTERS]</arg>
<doc>Generates a string with a desired ``length`` from the given ``chars``.</doc>
<msg timestamp="20230521 00:10:44.127" level="INFO">${firstTitle} = xXWloQHQdpRSOMVuQkao</msg>
<status status="PASS" starttime="20230521 00:10:44.126" endtime="20230521 00:10:44.127"/>
</kw>
<kw name="Generate Random String" library="String">
<var>${firstDesc}</var>
<arg>64</arg>
<arg>[LETTERS]</arg>
<doc>Generates a string with a desired ``length`` from the given ``chars``.</doc>
<msg timestamp="20230521 00:10:44.131" level="INFO">${firstDesc} = xvPGkiqkSAdPIyMvTGIIjueFpZQzJSLyXCeFUpkgByalbKJJjsbqedWYakkdeNsb</msg>
<status status="PASS" starttime="20230521 00:10:44.129" endtime="20230521 00:10:44.131"/>
</kw>
<kw name="Input Text" library="SeleniumLibrary">
<arg>//*[@id="todo"]</arg>
<arg>${firstTitle}</arg>
<doc>Types the given ``text`` into the text field identified by ``locator``.</doc>
<msg timestamp="20230521 00:10:44.137" level="INFO">Typing text 'xXWloQHQdpRSOMVuQkao' into text field '//*[@id="todo"]'.</msg>
<status status="PASS" starttime="20230521 00:10:44.135" endtime="20230521 00:10:44.719"/>
</kw>
<kw name="Input Text" library="SeleniumLibrary">
<arg>//*[@id="desc"]</arg>
<arg>${firstDesc}</arg>
<doc>Types the given ``text`` into the text field identified by ``locator``.</doc>
<msg timestamp="20230521 00:10:44.722" level="INFO">Typing text 'xvPGkiqkSAdPIyMvTGIIjueFpZQzJSLyXCeFUpkgByalbKJJjsbqedWYakkdeNsb' into text field '//*[@id="desc"]'.</msg>
<status status="PASS" starttime="20230521 00:10:44.721" endtime="20230521 00:10:45.075"/>
</kw>
<kw name="Click Button" library="SeleniumLibrary">
<arg>//*[@id="todo-form"]/button</arg>
<doc>Clicks the button identified by ``locator``.</doc>
<msg timestamp="20230521 00:10:45.077" level="INFO">Clicking button '//*[@id="todo-form"]/button'.</msg>
<status status="PASS" starttime="20230521 00:10:45.076" endtime="20230521 00:10:45.184"/>
</kw>
<kw name="Generate Random String" library="String">
<var>${secondTitle}</var>
<arg>20</arg>
<arg>[LETTERS]</arg>
<doc>Generates a string with a desired ``length`` from the given ``chars``.</doc>
<msg timestamp="20230521 00:10:45.185" level="INFO">${secondTitle} = HEglHzzkIRCYQlwCcApO</msg>
<status status="PASS" starttime="20230521 00:10:45.185" endtime="20230521 00:10:45.186"/>
</kw>
<kw name="Generate Random String" library="String">
<var>${secondDesc}</var>
<arg>64</arg>
<arg>[LETTERS]</arg>
<doc>Generates a string with a desired ``length`` from the given ``chars``.</doc>
<msg timestamp="20230521 00:10:45.187" level="INFO">${secondDesc} = hhHUpLKwSGkikjyProfcULgLdcyXJZGqNpvnLzYWBlCjdTGUuLanZZSHecJPyHcg</msg>
<status status="PASS" starttime="20230521 00:10:45.186" endtime="20230521 00:10:45.187"/>
</kw>
<kw name="Input Text" library="SeleniumLibrary">
<arg>//*[@id="todo"]</arg>
<arg>${secondTitle}</arg>
<doc>Types the given ``text`` into the text field identified by ``locator``.</doc>
<msg timestamp="20230521 00:10:45.189" level="INFO">Typing text 'HEglHzzkIRCYQlwCcApO' into text field '//*[@id="todo"]'.</msg>
<status status="PASS" starttime="20230521 00:10:45.188" endtime="20230521 00:10:45.422"/>
</kw>
<kw name="Input Text" library="SeleniumLibrary">
<arg>//*[@id="desc"]</arg>
<arg>${secondDesc}</arg>
<doc>Types the given ``text`` into the text field identified by ``locator``.</doc>
<msg timestamp="20230521 00:10:45.424" level="INFO">Typing text 'hhHUpLKwSGkikjyProfcULgLdcyXJZGqNpvnLzYWBlCjdTGUuLanZZSHecJPyHcg' into text field '//*[@id="desc"]'.</msg>
<status status="PASS" starttime="20230521 00:10:45.423" endtime="20230521 00:10:45.797"/>
</kw>
<kw name="Click Button" library="SeleniumLibrary">
<arg>//*[@id="todo-form"]/button</arg>
<doc>Clicks the button identified by ``locator``.</doc>
<msg timestamp="20230521 00:10:45.802" level="INFO">Clicking button '//*[@id="todo-form"]/button'.</msg>
<status status="PASS" starttime="20230521 00:10:45.801" endtime="20230521 00:10:45.890"/>
</kw>
<kw name="Generate Random String" library="String">
<var>${thridTitle}</var>
<arg>20</arg>
<arg>[LETTERS]</arg>
<doc>Generates a string with a desired ``length`` from the given ``chars``.</doc>
<msg timestamp="20230521 00:10:45.892" level="INFO">${thridTitle} = zMoMtGVKMxHXglMRvqqF</msg>
<status status="PASS" starttime="20230521 00:10:45.891" endtime="20230521 00:10:45.892"/>
</kw>
<kw name="Generate Random String" library="String">
<var>${thridDesc}</var>
<arg>64</arg>
<arg>[LETTERS]</arg>
<doc>Generates a string with a desired ``length`` from the given ``chars``.</doc>
<msg timestamp="20230521 00:10:45.894" level="INFO">${thridDesc} = oAypkJqlsDmecKGXmtZAHVSRSxRVSULbIIJpbCbstbGMQzNVesPtnlNBsIEBEoMR</msg>
<status status="PASS" starttime="20230521 00:10:45.893" endtime="20230521 00:10:45.894"/>
</kw>
<kw name="Input Text" library="SeleniumLibrary">
<arg>//*[@id="todo"]</arg>
<arg>${thridTitle}</arg>
<doc>Types the given ``text`` into the text field identified by ``locator``.</doc>
<msg timestamp="20230521 00:10:45.895" level="INFO">Typing text 'zMoMtGVKMxHXglMRvqqF' into text field '//*[@id="todo"]'.</msg>
<status status="PASS" starttime="20230521 00:10:45.894" endtime="20230521 00:10:46.073"/>
</kw>
<kw name="Input Text" library="SeleniumLibrary">
<arg>//*[@id="desc"]</arg>
<arg>${thridDesc}</arg>
<doc>Types the given ``text`` into the text field identified by ``locator``.</doc>
<msg timestamp="20230521 00:10:46.074" level="INFO">Typing text 'oAypkJqlsDmecKGXmtZAHVSRSxRVSULbIIJpbCbstbGMQzNVesPtnlNBsIEBEoMR' into text field '//*[@id="desc"]'.</msg>
<status status="PASS" starttime="20230521 00:10:46.073" endtime="20230521 00:10:46.331"/>
</kw>
<kw name="Click Button" library="SeleniumLibrary">
<arg>//*[@id="todo-form"]/button</arg>
<doc>Clicks the button identified by ``locator``.</doc>
<msg timestamp="20230521 00:10:46.335" level="INFO">Clicking button '//*[@id="todo-form"]/button'.</msg>
<status status="PASS" starttime="20230521 00:10:46.334" endtime="20230521 00:10:46.424"/>
</kw>
<kw name="Select Checkbox" library="SeleniumLibrary">
<arg>//tr[last()]/td[4]/input</arg>
<doc>Selects the checkbox identified by ``locator``.</doc>
<msg timestamp="20230521 00:10:46.426" level="INFO">Selecting checkbox '//tr[last()]/td[4]/input'.</msg>
<status status="PASS" starttime="20230521 00:10:46.425" endtime="20230521 00:10:46.562"/>
</kw>
<kw name="Select Checkbox" library="SeleniumLibrary">
<arg>//tr[last() - 1]/td[4]/input</arg>
<doc>Selects the checkbox identified by ``locator``.</doc>
<msg timestamp="20230521 00:10:46.566" level="INFO">Selecting checkbox '//tr[last() - 1]/td[4]/input'.</msg>
<status status="PASS" starttime="20230521 00:10:46.564" endtime="20230521 00:10:46.749"/>
</kw>
<kw name="Click Button" library="SeleniumLibrary">
<arg>//html/body/div/div/div[2]/button[2]</arg>
<doc>Clicks the button identified by ``locator``.</doc>
<msg timestamp="20230521 00:10:46.756" level="INFO">Clicking button '//html/body/div/div/div[2]/button[2]'.</msg>
<status status="PASS" starttime="20230521 00:10:46.755" endtime="20230521 00:10:46.912"/>
</kw>
<kw name="Get WebElements" library="SeleniumLibrary">
<var>${checkboxes}</var>
<arg>//input[contains(@type, 'checkbox')]</arg>
<doc>Returns a list of WebElement objects matching the ``locator``.</doc>
<msg timestamp="20230521 00:10:46.991" level="INFO">${checkboxes} = [&lt;selenium.webdriver.remote.webelement.WebElement (session="aaa42b0a3081982f390ec5fc487f739f", element="4C229241E0DEA517EAEE6DD90C374D9E_element_18")&gt;, &lt;selenium.webdriver.remote.webelement.WebElement...</msg>
<status status="PASS" starttime="20230521 00:10:46.913" endtime="20230521 00:10:46.991"/>
</kw>
<for flavor="IN">
<var>${checkbox}</var>
<value>@{checkboxes}</value>
<iter>
<var name="${checkbox}">&lt;selenium.webdriver.remote.webelement.WebElement (session="aaa42b0a3081982f390ec5fc487f739f", element="4C229241E0DEA517EAEE6DD90C374D9E_element_18")&gt;</var>
<kw name="Checkbox Should Be Selected" library="SeleniumLibrary">
<arg>${checkbox}</arg>
<doc>Verifies checkbox ``locator`` is selected/checked.</doc>
<msg timestamp="20230521 00:10:46.993" level="INFO">Verifying checkbox '&lt;selenium.webdriver.remote.webelement.WebElement (session="aaa42b0a3081982f390ec5fc487f739f", element="4C229241E0DEA517EAEE6DD90C374D9E_element_18")&gt;' is selected.</msg>
<status status="PASS" starttime="20230521 00:10:46.992" endtime="20230521 00:10:47.009"/>
</kw>
<status status="PASS" starttime="20230521 00:10:46.992" endtime="20230521 00:10:47.009"/>
</iter>
<iter>
<var name="${checkbox}">&lt;selenium.webdriver.remote.webelement.WebElement (session="aaa42b0a3081982f390ec5fc487f739f", element="4C229241E0DEA517EAEE6DD90C374D9E_element_19")&gt;</var>
<kw name="Checkbox Should Be Selected" library="SeleniumLibrary">
<arg>${checkbox}</arg>
<doc>Verifies checkbox ``locator`` is selected/checked.</doc>
<msg timestamp="20230521 00:10:47.011" level="INFO">Verifying checkbox '&lt;selenium.webdriver.remote.webelement.WebElement (session="aaa42b0a3081982f390ec5fc487f739f", element="4C229241E0DEA517EAEE6DD90C374D9E_element_19")&gt;' is selected.</msg>
<status status="PASS" starttime="20230521 00:10:47.010" endtime="20230521 00:10:47.026"/>
</kw>
<status status="PASS" starttime="20230521 00:10:47.010" endtime="20230521 00:10:47.026"/>
</iter>
<iter>
<var name="${checkbox}">&lt;selenium.webdriver.remote.webelement.WebElement (session="aaa42b0a3081982f390ec5fc487f739f", element="4C229241E0DEA517EAEE6DD90C374D9E_element_20")&gt;</var>
<kw name="Checkbox Should Be Selected" library="SeleniumLibrary">
<arg>${checkbox}</arg>
<doc>Verifies checkbox ``locator`` is selected/checked.</doc>
<msg timestamp="20230521 00:10:47.027" level="INFO">Verifying checkbox '&lt;selenium.webdriver.remote.webelement.WebElement (session="aaa42b0a3081982f390ec5fc487f739f", element="4C229241E0DEA517EAEE6DD90C374D9E_element_20")&gt;' is selected.</msg>
<status status="PASS" starttime="20230521 00:10:47.026" endtime="20230521 00:10:47.039"/>
</kw>
<status status="PASS" starttime="20230521 00:10:47.026" endtime="20230521 00:10:47.039"/>
</iter>
<iter>
<var name="${checkbox}">&lt;selenium.webdriver.remote.webelement.WebElement (session="aaa42b0a3081982f390ec5fc487f739f", element="4C229241E0DEA517EAEE6DD90C374D9E_element_21")&gt;</var>
<kw name="Checkbox Should Be Selected" library="SeleniumLibrary">
<arg>${checkbox}</arg>
<doc>Verifies checkbox ``locator`` is selected/checked.</doc>
<msg timestamp="20230521 00:10:47.040" level="INFO">Verifying checkbox '&lt;selenium.webdriver.remote.webelement.WebElement (session="aaa42b0a3081982f390ec5fc487f739f", element="4C229241E0DEA517EAEE6DD90C374D9E_element_21")&gt;' is selected.</msg>
<status status="PASS" starttime="20230521 00:10:47.039" endtime="20230521 00:10:47.049"/>
</kw>
<status status="PASS" starttime="20230521 00:10:47.039" endtime="20230521 00:10:47.049"/>
</iter>
<iter>
<var name="${checkbox}">&lt;selenium.webdriver.remote.webelement.WebElement (session="aaa42b0a3081982f390ec5fc487f739f", element="4C229241E0DEA517EAEE6DD90C374D9E_element_22")&gt;</var>
<kw name="Checkbox Should Be Selected" library="SeleniumLibrary">
<arg>${checkbox}</arg>
<doc>Verifies checkbox ``locator`` is selected/checked.</doc>
<msg timestamp="20230521 00:10:47.050" level="INFO">Verifying checkbox '&lt;selenium.webdriver.remote.webelement.WebElement (session="aaa42b0a3081982f390ec5fc487f739f", element="4C229241E0DEA517EAEE6DD90C374D9E_element_22")&gt;' is selected.</msg>
<status status="PASS" starttime="20230521 00:10:47.049" endtime="20230521 00:10:47.060"/>
</kw>
<status status="PASS" starttime="20230521 00:10:47.049" endtime="20230521 00:10:47.061"/>
</iter>
<iter>
<var name="${checkbox}">&lt;selenium.webdriver.remote.webelement.WebElement (session="aaa42b0a3081982f390ec5fc487f739f", element="4C229241E0DEA517EAEE6DD90C374D9E_element_23")&gt;</var>
<kw name="Checkbox Should Be Selected" library="SeleniumLibrary">
<arg>${checkbox}</arg>
<doc>Verifies checkbox ``locator`` is selected/checked.</doc>
<msg timestamp="20230521 00:10:47.061" level="INFO">Verifying checkbox '&lt;selenium.webdriver.remote.webelement.WebElement (session="aaa42b0a3081982f390ec5fc487f739f", element="4C229241E0DEA517EAEE6DD90C374D9E_element_23")&gt;' is selected.</msg>
<status status="PASS" starttime="20230521 00:10:47.061" endtime="20230521 00:10:47.070"/>
</kw>
<status status="PASS" starttime="20230521 00:10:47.061" endtime="20230521 00:10:47.070"/>
</iter>
<iter>
<var name="${checkbox}">&lt;selenium.webdriver.remote.webelement.WebElement (session="aaa42b0a3081982f390ec5fc487f739f", element="4C229241E0DEA517EAEE6DD90C374D9E_element_24")&gt;</var>
<kw name="Checkbox Should Be Selected" library="SeleniumLibrary">
<arg>${checkbox}</arg>
<doc>Verifies checkbox ``locator`` is selected/checked.</doc>
<msg timestamp="20230521 00:10:47.071" level="INFO">Verifying checkbox '&lt;selenium.webdriver.remote.webelement.WebElement (session="aaa42b0a3081982f390ec5fc487f739f", element="4C229241E0DEA517EAEE6DD90C374D9E_element_24")&gt;' is selected.</msg>
<status status="PASS" starttime="20230521 00:10:47.071" endtime="20230521 00:10:47.080"/>
</kw>
<status status="PASS" starttime="20230521 00:10:47.071" endtime="20230521 00:10:47.080"/>
</iter>
<iter>
<var name="${checkbox}">&lt;selenium.webdriver.remote.webelement.WebElement (session="aaa42b0a3081982f390ec5fc487f739f", element="4C229241E0DEA517EAEE6DD90C374D9E_element_25")&gt;</var>
<kw name="Checkbox Should Be Selected" library="SeleniumLibrary">
<arg>${checkbox}</arg>
<doc>Verifies checkbox ``locator`` is selected/checked.</doc>
<msg timestamp="20230521 00:10:47.081" level="INFO">Verifying checkbox '&lt;selenium.webdriver.remote.webelement.WebElement (session="aaa42b0a3081982f390ec5fc487f739f", element="4C229241E0DEA517EAEE6DD90C374D9E_element_25")&gt;' is selected.</msg>
<status status="PASS" starttime="20230521 00:10:47.080" endtime="20230521 00:10:47.089"/>
</kw>
<status status="PASS" starttime="20230521 00:10:47.080" endtime="20230521 00:10:47.089"/>
</iter>
<iter>
<var name="${checkbox}">&lt;selenium.webdriver.remote.webelement.WebElement (session="aaa42b0a3081982f390ec5fc487f739f", element="4C229241E0DEA517EAEE6DD90C374D9E_element_26")&gt;</var>
<kw name="Checkbox Should Be Selected" library="SeleniumLibrary">
<arg>${checkbox}</arg>
<doc>Verifies checkbox ``locator`` is selected/checked.</doc>
<msg timestamp="20230521 00:10:47.090" level="INFO">Verifying checkbox '&lt;selenium.webdriver.remote.webelement.WebElement (session="aaa42b0a3081982f390ec5fc487f739f", element="4C229241E0DEA517EAEE6DD90C374D9E_element_26")&gt;' is selected.</msg>
<status status="PASS" starttime="20230521 00:10:47.089" endtime="20230521 00:10:47.097"/>
</kw>
<status status="PASS" starttime="20230521 00:10:47.089" endtime="20230521 00:10:47.097"/>
</iter>
<iter>
<var name="${checkbox}">&lt;selenium.webdriver.remote.webelement.WebElement (session="aaa42b0a3081982f390ec5fc487f739f", element="4C229241E0DEA517EAEE6DD90C374D9E_element_27")&gt;</var>
<kw name="Checkbox Should Be Selected" library="SeleniumLibrary">
<arg>${checkbox}</arg>
<doc>Verifies checkbox ``locator`` is selected/checked.</doc>
<msg timestamp="20230521 00:10:47.098" level="INFO">Verifying checkbox '&lt;selenium.webdriver.remote.webelement.WebElement (session="aaa42b0a3081982f390ec5fc487f739f", element="4C229241E0DEA517EAEE6DD90C374D9E_element_27")&gt;' is selected.</msg>
<status status="PASS" starttime="20230521 00:10:47.098" endtime="20230521 00:10:47.106"/>
</kw>
<status status="PASS" starttime="20230521 00:10:47.097" endtime="20230521 00:10:47.106"/>
</iter>
<iter>
<var name="${checkbox}">&lt;selenium.webdriver.remote.webelement.WebElement (session="aaa42b0a3081982f390ec5fc487f739f", element="4C229241E0DEA517EAEE6DD90C374D9E_element_28")&gt;</var>
<kw name="Checkbox Should Be Selected" library="SeleniumLibrary">
<arg>${checkbox}</arg>
<doc>Verifies checkbox ``locator`` is selected/checked.</doc>
<msg timestamp="20230521 00:10:47.107" level="INFO">Verifying checkbox '&lt;selenium.webdriver.remote.webelement.WebElement (session="aaa42b0a3081982f390ec5fc487f739f", element="4C229241E0DEA517EAEE6DD90C374D9E_element_28")&gt;' is selected.</msg>
<status status="PASS" starttime="20230521 00:10:47.107" endtime="20230521 00:10:47.114"/>
</kw>
<status status="PASS" starttime="20230521 00:10:47.106" endtime="20230521 00:10:47.114"/>
</iter>
<iter>
<var name="${checkbox}">&lt;selenium.webdriver.remote.webelement.WebElement (session="aaa42b0a3081982f390ec5fc487f739f", element="4C229241E0DEA517EAEE6DD90C374D9E_element_29")&gt;</var>
<kw name="Checkbox Should Be Selected" library="SeleniumLibrary">
<arg>${checkbox}</arg>
<doc>Verifies checkbox ``locator`` is selected/checked.</doc>
<msg timestamp="20230521 00:10:47.115" level="INFO">Verifying checkbox '&lt;selenium.webdriver.remote.webelement.WebElement (session="aaa42b0a3081982f390ec5fc487f739f", element="4C229241E0DEA517EAEE6DD90C374D9E_element_29")&gt;' is selected.</msg>
<status status="PASS" starttime="20230521 00:10:47.115" endtime="20230521 00:10:47.123"/>
</kw>
<status status="PASS" starttime="20230521 00:10:47.114" endtime="20230521 00:10:47.123"/>
</iter>
<iter>
<var name="${checkbox}">&lt;selenium.webdriver.remote.webelement.WebElement (session="aaa42b0a3081982f390ec5fc487f739f", element="4C229241E0DEA517EAEE6DD90C374D9E_element_30")&gt;</var>
<kw name="Checkbox Should Be Selected" library="SeleniumLibrary">
<arg>${checkbox}</arg>
<doc>Verifies checkbox ``locator`` is selected/checked.</doc>
<msg timestamp="20230521 00:10:47.124" level="INFO">Verifying checkbox '&lt;selenium.webdriver.remote.webelement.WebElement (session="aaa42b0a3081982f390ec5fc487f739f", element="4C229241E0DEA517EAEE6DD90C374D9E_element_30")&gt;' is selected.</msg>
<status status="PASS" starttime="20230521 00:10:47.123" endtime="20230521 00:10:47.131"/>
</kw>
<status status="PASS" starttime="20230521 00:10:47.123" endtime="20230521 00:10:47.131"/>
</iter>
<iter>
<var name="${checkbox}">&lt;selenium.webdriver.remote.webelement.WebElement (session="aaa42b0a3081982f390ec5fc487f739f", element="4C229241E0DEA517EAEE6DD90C374D9E_element_31")&gt;</var>
<kw name="Checkbox Should Be Selected" library="SeleniumLibrary">
<arg>${checkbox}</arg>
<doc>Verifies checkbox ``locator`` is selected/checked.</doc>
<msg timestamp="20230521 00:10:47.132" level="INFO">Verifying checkbox '&lt;selenium.webdriver.remote.webelement.WebElement (session="aaa42b0a3081982f390ec5fc487f739f", element="4C229241E0DEA517EAEE6DD90C374D9E_element_31")&gt;' is selected.</msg>
<status status="PASS" starttime="20230521 00:10:47.132" endtime="20230521 00:10:47.139"/>
</kw>
<status status="PASS" starttime="20230521 00:10:47.132" endtime="20230521 00:10:47.139"/>
</iter>
<iter>
<var name="${checkbox}">&lt;selenium.webdriver.remote.webelement.WebElement (session="aaa42b0a3081982f390ec5fc487f739f", element="4C229241E0DEA517EAEE6DD90C374D9E_element_32")&gt;</var>
<kw name="Checkbox Should Be Selected" library="SeleniumLibrary">
<arg>${checkbox}</arg>
<doc>Verifies checkbox ``locator`` is selected/checked.</doc>
<msg timestamp="20230521 00:10:47.140" level="INFO">Verifying checkbox '&lt;selenium.webdriver.remote.webelement.WebElement (session="aaa42b0a3081982f390ec5fc487f739f", element="4C229241E0DEA517EAEE6DD90C374D9E_element_32")&gt;' is selected.</msg>
<status status="PASS" starttime="20230521 00:10:47.140" endtime="20230521 00:10:47.147"/>
</kw>
<status status="PASS" starttime="20230521 00:10:47.140" endtime="20230521 00:10:47.147"/>
</iter>
<iter>
<var name="${checkbox}">&lt;selenium.webdriver.remote.webelement.WebElement (session="aaa42b0a3081982f390ec5fc487f739f", element="4C229241E0DEA517EAEE6DD90C374D9E_element_33")&gt;</var>
<kw name="Checkbox Should Be Selected" library="SeleniumLibrary">
<arg>${checkbox}</arg>
<doc>Verifies checkbox ``locator`` is selected/checked.</doc>
<msg timestamp="20230521 00:10:47.148" level="INFO">Verifying checkbox '&lt;selenium.webdriver.remote.webelement.WebElement (session="aaa42b0a3081982f390ec5fc487f739f", element="4C229241E0DEA517EAEE6DD90C374D9E_element_33")&gt;' is selected.</msg>
<status status="PASS" starttime="20230521 00:10:47.148" endtime="20230521 00:10:47.155"/>
</kw>
<status status="PASS" starttime="20230521 00:10:47.147" endtime="20230521 00:10:47.156"/>
</iter>
<iter>
<var name="${checkbox}">&lt;selenium.webdriver.remote.webelement.WebElement (session="aaa42b0a3081982f390ec5fc487f739f", element="4C229241E0DEA517EAEE6DD90C374D9E_element_34")&gt;</var>
<kw name="Checkbox Should Be Selected" library="SeleniumLibrary">
<arg>${checkbox}</arg>
<doc>Verifies checkbox ``locator`` is selected/checked.</doc>
<msg timestamp="20230521 00:10:47.156" level="INFO">Verifying checkbox '&lt;selenium.webdriver.remote.webelement.WebElement (session="aaa42b0a3081982f390ec5fc487f739f", element="4C229241E0DEA517EAEE6DD90C374D9E_element_34")&gt;' is selected.</msg>
<status status="PASS" starttime="20230521 00:10:47.156" endtime="20230521 00:10:47.164"/>
</kw>
<status status="PASS" starttime="20230521 00:10:47.156" endtime="20230521 00:10:47.164"/>
</iter>
<iter>
<var name="${checkbox}">&lt;selenium.webdriver.remote.webelement.WebElement (session="aaa42b0a3081982f390ec5fc487f739f", element="4C229241E0DEA517EAEE6DD90C374D9E_element_35")&gt;</var>
<kw name="Checkbox Should Be Selected" library="SeleniumLibrary">
<arg>${checkbox}</arg>
<doc>Verifies checkbox ``locator`` is selected/checked.</doc>
<msg timestamp="20230521 00:10:47.165" level="INFO">Verifying checkbox '&lt;selenium.webdriver.remote.webelement.WebElement (session="aaa42b0a3081982f390ec5fc487f739f", element="4C229241E0DEA517EAEE6DD90C374D9E_element_35")&gt;' is selected.</msg>
<status status="PASS" starttime="20230521 00:10:47.164" endtime="20230521 00:10:47.173"/>
</kw>
<status status="PASS" starttime="20230521 00:10:47.164" endtime="20230521 00:10:47.173"/>
</iter>
<iter>
<var name="${checkbox}">&lt;selenium.webdriver.remote.webelement.WebElement (session="aaa42b0a3081982f390ec5fc487f739f", element="4C229241E0DEA517EAEE6DD90C374D9E_element_36")&gt;</var>
<kw name="Checkbox Should Be Selected" library="SeleniumLibrary">
<arg>${checkbox}</arg>
<doc>Verifies checkbox ``locator`` is selected/checked.</doc>
<msg timestamp="20230521 00:10:47.174" level="INFO">Verifying checkbox '&lt;selenium.webdriver.remote.webelement.WebElement (session="aaa42b0a3081982f390ec5fc487f739f", element="4C229241E0DEA517EAEE6DD90C374D9E_element_36")&gt;' is selected.</msg>
<status status="PASS" starttime="20230521 00:10:47.173" endtime="20230521 00:10:47.181"/>
</kw>
<status status="PASS" starttime="20230521 00:10:47.173" endtime="20230521 00:10:47.181"/>
</iter>
<iter>
<var name="${checkbox}">&lt;selenium.webdriver.remote.webelement.WebElement (session="aaa42b0a3081982f390ec5fc487f739f", element="4C229241E0DEA517EAEE6DD90C374D9E_element_37")&gt;</var>
<kw name="Checkbox Should Be Selected" library="SeleniumLibrary">
<arg>${checkbox}</arg>
<doc>Verifies checkbox ``locator`` is selected/checked.</doc>
<msg timestamp="20230521 00:10:47.182" level="INFO">Verifying checkbox '&lt;selenium.webdriver.remote.webelement.WebElement (session="aaa42b0a3081982f390ec5fc487f739f", element="4C229241E0DEA517EAEE6DD90C374D9E_element_37")&gt;' is selected.</msg>
<status status="PASS" starttime="20230521 00:10:47.181" endtime="20230521 00:10:47.189"/>
</kw>
<status status="PASS" starttime="20230521 00:10:47.181" endtime="20230521 00:10:47.190"/>
</iter>
<iter>
<var name="${checkbox}">&lt;selenium.webdriver.remote.webelement.WebElement (session="aaa42b0a3081982f390ec5fc487f739f", element="4C229241E0DEA517EAEE6DD90C374D9E_element_38")&gt;</var>
<kw name="Checkbox Should Be Selected" library="SeleniumLibrary">
<arg>${checkbox}</arg>
<doc>Verifies checkbox ``locator`` is selected/checked.</doc>
<msg timestamp="20230521 00:10:47.190" level="INFO">Verifying checkbox '&lt;selenium.webdriver.remote.webelement.WebElement (session="aaa42b0a3081982f390ec5fc487f739f", element="4C229241E0DEA517EAEE6DD90C374D9E_element_38")&gt;' is selected.</msg>
<status status="PASS" starttime="20230521 00:10:47.190" endtime="20230521 00:10:47.198"/>
</kw>
<status status="PASS" starttime="20230521 00:10:47.190" endtime="20230521 00:10:47.198"/>
</iter>
<iter>
<var name="${checkbox}">&lt;selenium.webdriver.remote.webelement.WebElement (session="aaa42b0a3081982f390ec5fc487f739f", element="4C229241E0DEA517EAEE6DD90C374D9E_element_39")&gt;</var>
<kw name="Checkbox Should Be Selected" library="SeleniumLibrary">
<arg>${checkbox}</arg>
<doc>Verifies checkbox ``locator`` is selected/checked.</doc>
<msg timestamp="20230521 00:10:47.198" level="INFO">Verifying checkbox '&lt;selenium.webdriver.remote.webelement.WebElement (session="aaa42b0a3081982f390ec5fc487f739f", element="4C229241E0DEA517EAEE6DD90C374D9E_element_39")&gt;' is selected.</msg>
<status status="PASS" starttime="20230521 00:10:47.198" endtime="20230521 00:10:47.206"/>
</kw>
<status status="PASS" starttime="20230521 00:10:47.198" endtime="20230521 00:10:47.206"/>
</iter>
<iter>
<var name="${checkbox}">&lt;selenium.webdriver.remote.webelement.WebElement (session="aaa42b0a3081982f390ec5fc487f739f", element="4C229241E0DEA517EAEE6DD90C374D9E_element_40")&gt;</var>
<kw name="Checkbox Should Be Selected" library="SeleniumLibrary">
<arg>${checkbox}</arg>
<doc>Verifies checkbox ``locator`` is selected/checked.</doc>
<msg timestamp="20230521 00:10:47.207" level="INFO">Verifying checkbox '&lt;selenium.webdriver.remote.webelement.WebElement (session="aaa42b0a3081982f390ec5fc487f739f", element="4C229241E0DEA517EAEE6DD90C374D9E_element_40")&gt;' is selected.</msg>
<status status="PASS" starttime="20230521 00:10:47.206" endtime="20230521 00:10:47.214"/>
</kw>
<status status="PASS" starttime="20230521 00:10:47.206" endtime="20230521 00:10:47.214"/>
</iter>
<iter>
<var name="${checkbox}">&lt;selenium.webdriver.remote.webelement.WebElement (session="aaa42b0a3081982f390ec5fc487f739f", element="4C229241E0DEA517EAEE6DD90C374D9E_element_41")&gt;</var>
<kw name="Checkbox Should Be Selected" library="SeleniumLibrary">
<arg>${checkbox}</arg>
<doc>Verifies checkbox ``locator`` is selected/checked.</doc>
<msg timestamp="20230521 00:10:47.215" level="INFO">Verifying checkbox '&lt;selenium.webdriver.remote.webelement.WebElement (session="aaa42b0a3081982f390ec5fc487f739f", element="4C229241E0DEA517EAEE6DD90C374D9E_element_41")&gt;' is selected.</msg>
<status status="PASS" starttime="20230521 00:10:47.214" endtime="20230521 00:10:47.222"/>
</kw>
<status status="PASS" starttime="20230521 00:10:47.214" endtime="20230521 00:10:47.222"/>
</iter>
<iter>
<var name="${checkbox}">&lt;selenium.webdriver.remote.webelement.WebElement (session="aaa42b0a3081982f390ec5fc487f739f", element="4C229241E0DEA517EAEE6DD90C374D9E_element_42")&gt;</var>
<kw name="Checkbox Should Be Selected" library="SeleniumLibrary">
<arg>${checkbox}</arg>
<doc>Verifies checkbox ``locator`` is selected/checked.</doc>
<msg timestamp="20230521 00:10:47.223" level="INFO">Verifying checkbox '&lt;selenium.webdriver.remote.webelement.WebElement (session="aaa42b0a3081982f390ec5fc487f739f", element="4C229241E0DEA517EAEE6DD90C374D9E_element_42")&gt;' is selected.</msg>
<status status="PASS" starttime="20230521 00:10:47.222" endtime="20230521 00:10:47.230"/>
</kw>
<status status="PASS" starttime="20230521 00:10:47.222" endtime="20230521 00:10:47.230"/>
</iter>
<iter>
<var name="${checkbox}">&lt;selenium.webdriver.remote.webelement.WebElement (session="aaa42b0a3081982f390ec5fc487f739f", element="4C229241E0DEA517EAEE6DD90C374D9E_element_43")&gt;</var>
<kw name="Checkbox Should Be Selected" library="SeleniumLibrary">
<arg>${checkbox}</arg>
<doc>Verifies checkbox ``locator`` is selected/checked.</doc>
<msg timestamp="20230521 00:10:47.231" level="INFO">Verifying checkbox '&lt;selenium.webdriver.remote.webelement.WebElement (session="aaa42b0a3081982f390ec5fc487f739f", element="4C229241E0DEA517EAEE6DD90C374D9E_element_43")&gt;' is selected.</msg>
<status status="PASS" starttime="20230521 00:10:47.230" endtime="20230521 00:10:47.238"/>
</kw>
<status status="PASS" starttime="20230521 00:10:47.230" endtime="20230521 00:10:47.238"/>
</iter>
<iter>
<var name="${checkbox}">&lt;selenium.webdriver.remote.webelement.WebElement (session="aaa42b0a3081982f390ec5fc487f739f", element="4C229241E0DEA517EAEE6DD90C374D9E_element_44")&gt;</var>
<kw name="Checkbox Should Be Selected" library="SeleniumLibrary">
<arg>${checkbox}</arg>
<doc>Verifies checkbox ``locator`` is selected/checked.</doc>
<msg timestamp="20230521 00:10:47.239" level="INFO">Verifying checkbox '&lt;selenium.webdriver.remote.webelement.WebElement (session="aaa42b0a3081982f390ec5fc487f739f", element="4C229241E0DEA517EAEE6DD90C374D9E_element_44")&gt;' is selected.</msg>
<status status="PASS" starttime="20230521 00:10:47.239" endtime="20230521 00:10:47.247"/>
</kw>
<status status="PASS" starttime="20230521 00:10:47.239" endtime="20230521 00:10:47.247"/>
</iter>
<iter>
<var name="${checkbox}">&lt;selenium.webdriver.remote.webelement.WebElement (session="aaa42b0a3081982f390ec5fc487f739f", element="4C229241E0DEA517EAEE6DD90C374D9E_element_45")&gt;</var>
<kw name="Checkbox Should Be Selected" library="SeleniumLibrary">
<arg>${checkbox}</arg>
<doc>Verifies checkbox ``locator`` is selected/checked.</doc>
<msg timestamp="20230521 00:10:47.248" level="INFO">Verifying checkbox '&lt;selenium.webdriver.remote.webelement.WebElement (session="aaa42b0a3081982f390ec5fc487f739f", element="4C229241E0DEA517EAEE6DD90C374D9E_element_45")&gt;' is selected.</msg>
<status status="PASS" starttime="20230521 00:10:47.247" endtime="20230521 00:10:47.269"/>
</kw>
<status status="PASS" starttime="20230521 00:10:47.247" endtime="20230521 00:10:47.269"/>
</iter>
<iter>
<var name="${checkbox}">&lt;selenium.webdriver.remote.webelement.WebElement (session="aaa42b0a3081982f390ec5fc487f739f", element="4C229241E0DEA517EAEE6DD90C374D9E_element_46")&gt;</var>
<kw name="Checkbox Should Be Selected" library="SeleniumLibrary">
<arg>${checkbox}</arg>
<doc>Verifies checkbox ``locator`` is selected/checked.</doc>
<msg timestamp="20230521 00:10:47.270" level="INFO">Verifying checkbox '&lt;selenium.webdriver.remote.webelement.WebElement (session="aaa42b0a3081982f390ec5fc487f739f", element="4C229241E0DEA517EAEE6DD90C374D9E_element_46")&gt;' is selected.</msg>
<status status="PASS" starttime="20230521 00:10:47.269" endtime="20230521 00:10:47.281"/>
</kw>
<status status="PASS" starttime="20230521 00:10:47.269" endtime="20230521 00:10:47.281"/>
</iter>
<iter>
<var name="${checkbox}">&lt;selenium.webdriver.remote.webelement.WebElement (session="aaa42b0a3081982f390ec5fc487f739f", element="4C229241E0DEA517EAEE6DD90C374D9E_element_47")&gt;</var>
<kw name="Checkbox Should Be Selected" library="SeleniumLibrary">
<arg>${checkbox}</arg>
<doc>Verifies checkbox ``locator`` is selected/checked.</doc>
<msg timestamp="20230521 00:10:47.285" level="INFO">Verifying checkbox '&lt;selenium.webdriver.remote.webelement.WebElement (session="aaa42b0a3081982f390ec5fc487f739f", element="4C229241E0DEA517EAEE6DD90C374D9E_element_47")&gt;' is selected.</msg>
<status status="PASS" starttime="20230521 00:10:47.282" endtime="20230521 00:10:47.295"/>
</kw>
<status status="PASS" starttime="20230521 00:10:47.281" endtime="20230521 00:10:47.295"/>
</iter>
<iter>
<var name="${checkbox}">&lt;selenium.webdriver.remote.webelement.WebElement (session="aaa42b0a3081982f390ec5fc487f739f", element="4C229241E0DEA517EAEE6DD90C374D9E_element_48")&gt;</var>
<kw name="Checkbox Should Be Selected" library="SeleniumLibrary">
<arg>${checkbox}</arg>
<doc>Verifies checkbox ``locator`` is selected/checked.</doc>
<msg timestamp="20230521 00:10:47.296" level="INFO">Verifying checkbox '&lt;selenium.webdriver.remote.webelement.WebElement (session="aaa42b0a3081982f390ec5fc487f739f", element="4C229241E0DEA517EAEE6DD90C374D9E_element_48")&gt;' is selected.</msg>
<status status="PASS" starttime="20230521 00:10:47.295" endtime="20230521 00:10:47.316"/>
</kw>
<status status="PASS" starttime="20230521 00:10:47.295" endtime="20230521 00:10:47.317"/>
</iter>
<iter>
<var name="${checkbox}">&lt;selenium.webdriver.remote.webelement.WebElement (session="aaa42b0a3081982f390ec5fc487f739f", element="4C229241E0DEA517EAEE6DD90C374D9E_element_49")&gt;</var>
<kw name="Checkbox Should Be Selected" library="SeleniumLibrary">
<arg>${checkbox}</arg>
<doc>Verifies checkbox ``locator`` is selected/checked.</doc>
<msg timestamp="20230521 00:10:47.329" level="INFO">Verifying checkbox '&lt;selenium.webdriver.remote.webelement.WebElement (session="aaa42b0a3081982f390ec5fc487f739f", element="4C229241E0DEA517EAEE6DD90C374D9E_element_49")&gt;' is selected.</msg>
<status status="PASS" starttime="20230521 00:10:47.317" endtime="20230521 00:10:47.413"/>
</kw>
<status status="PASS" starttime="20230521 00:10:47.317" endtime="20230521 00:10:47.413"/>
</iter>
<iter>
<var name="${checkbox}">&lt;selenium.webdriver.remote.webelement.WebElement (session="aaa42b0a3081982f390ec5fc487f739f", element="4C229241E0DEA517EAEE6DD90C374D9E_element_50")&gt;</var>
<kw name="Checkbox Should Be Selected" library="SeleniumLibrary">
<arg>${checkbox}</arg>
<doc>Verifies checkbox ``locator`` is selected/checked.</doc>
<msg timestamp="20230521 00:10:47.415" level="INFO">Verifying checkbox '&lt;selenium.webdriver.remote.webelement.WebElement (session="aaa42b0a3081982f390ec5fc487f739f", element="4C229241E0DEA517EAEE6DD90C374D9E_element_50")&gt;' is selected.</msg>
<status status="PASS" starttime="20230521 00:10:47.414" endtime="20230521 00:10:47.432"/>
</kw>
<status status="PASS" starttime="20230521 00:10:47.414" endtime="20230521 00:10:47.432"/>
</iter>
<status status="PASS" starttime="20230521 00:10:46.991" endtime="20230521 00:10:47.432"/>
</for>
<kw name="Close Browser" library="SeleniumLibrary" type="TEARDOWN">
<doc>Closes the current browser.</doc>
<status status="PASS" starttime="20230521 00:10:47.433" endtime="20230521 00:10:49.709"/>
</kw>
<status status="PASS" starttime="20230521 00:10:41.702" endtime="20230521 00:10:49.710"/>
</test>
<status status="FAIL" starttime="20230521 00:09:24.057" endtime="20230521 00:10:49.712"/>
</suite>
<statistics>
<total>
<stat pass="4" fail="1" skip="0">All Tests</stat>
</total>
<tag>
</tag>
<suite>
<stat pass="4" fail="1" skip="0" id="s1" name="Frontend-Test-Suite">Frontend-Test-Suite</stat>
</suite>
</statistics>
<errors>
</errors>
</robot>
