<?xml version="1.0" encoding="UTF-8"?>
<robot generator="Robot 6.0.2 (Python 3.10.11 on win32)" generated="20230521 00:28:51.640" rpa="false" schemaversion="3">
<suite id="s1" name="Software-Testing-Assi3-Frontend" source="D:\projects\Software Testing\Assignment 3\Software-Testing-Assi3-Frontend">
<suite id="s1-s1" name="Frontend-Test-Suite" source="D:\projects\Software Testing\Assignment 3\Software-Testing-Assi3-Frontend\Frontend-Test-Suite.robot">
<test id="s1-s1-t1" name="Add new TODO" line="6">
<kw name="Open Browser" library="SeleniumLibrary">
<arg>http://127.0.0.1:5500/todo.html</arg>
<arg>edge</arg>
<doc>Opens a new browser instance to the optional ``url``.</doc>
<msg timestamp="20230521 00:28:53.434" level="INFO">Opening browser 'edge' to base url 'http://127.0.0.1:5500/todo.html'.</msg>
<msg timestamp="20230521 00:28:53.563" level="INFO">Applicable driver not found; attempting to install with Selenium Manager (Beta)</msg>
<status status="PASS" starttime="20230521 00:28:53.432" endtime="20230521 00:29:19.759"/>
</kw>
<kw name="Generate Random String" library="String">
<var>${title}</var>
<arg>20</arg>
<arg>[LETTERS]</arg>
<doc>Generates a string with a desired ``length`` from the given ``chars``.</doc>
<msg timestamp="20230521 00:29:19.764" level="INFO">${title} = BfTesQAPzRYzpYwhrlnj</msg>
<status status="PASS" starttime="20230521 00:29:19.761" endtime="20230521 00:29:19.766"/>
</kw>
<kw name="Generate Random String" library="String">
<var>${desc}</var>
<arg>64</arg>
<arg>[LETTERS]</arg>
<doc>Generates a string with a desired ``length`` from the given ``chars``.</doc>
<msg timestamp="20230521 00:29:19.807" level="INFO">${desc} = hzJGgCLReymvmzZOxQxxwpFqxSpCOxpxfsQDWJbpXzhLZnFiOndSaFBfIKbodhfv</msg>
<status status="PASS" starttime="20230521 00:29:19.806" endtime="20230521 00:29:19.809"/>
</kw>
<kw name="Input Text" library="SeleniumLibrary">
<arg>//*[@id="todo"]</arg>
<arg>${title}</arg>
<doc>Types the given ``text`` into the text field identified by ``locator``.</doc>
<msg timestamp="20230521 00:29:19.827" level="INFO">Typing text 'BfTesQAPzRYzpYwhrlnj' into text field '//*[@id="todo"]'.</msg>
<status status="PASS" starttime="20230521 00:29:19.823" endtime="20230521 00:29:20.310"/>
</kw>
<kw name="Input Text" library="SeleniumLibrary">
<arg>//*[@id="desc"]</arg>
<arg>${desc}</arg>
<doc>Types the given ``text`` into the text field identified by ``locator``.</doc>
<msg timestamp="20230521 00:29:20.341" level="INFO">Typing text 'hzJGgCLReymvmzZOxQxxwpFqxSpCOxpxfsQDWJbpXzhLZnFiOndSaFBfIKbodhfv' into text field '//*[@id="desc"]'.</msg>
<status status="PASS" starttime="20230521 00:29:20.339" endtime="20230521 00:29:21.089"/>
</kw>
<kw name="Click Button" library="SeleniumLibrary">
<arg>//*[@id="todo-form"]/button</arg>
<doc>Clicks the button identified by ``locator``.</doc>
<msg timestamp="20230521 00:29:21.093" level="INFO">Clicking button '//*[@id="todo-form"]/button'.</msg>
<status status="PASS" starttime="20230521 00:29:21.091" endtime="20230521 00:29:21.376"/>
</kw>
<kw name="Get Element Attribute" library="SeleniumLibrary">
<var>${temp}</var>
<arg>//*[@id="todo"]</arg>
<arg>value</arg>
<doc>Returns the value of ``attribute`` from the element ``locator``.</doc>
<msg timestamp="20230521 00:29:21.495" level="INFO">${temp} = </msg>
<status status="PASS" starttime="20230521 00:29:21.379" endtime="20230521 00:29:21.495"/>
</kw>
<kw name="Should Be Equal" library="BuiltIn">
<arg>${EMPTY}</arg>
<arg>${temp}</arg>
<doc>Fails if the given objects are unequal.</doc>
<status status="PASS" starttime="20230521 00:29:21.497" endtime="20230521 00:29:21.503"/>
</kw>
<kw name="Get Element Attribute" library="SeleniumLibrary">
<var>${temp}</var>
<arg>//*[@id="desc"]</arg>
<arg>value</arg>
<doc>Returns the value of ``attribute`` from the element ``locator``.</doc>
<msg timestamp="20230521 00:29:21.578" level="INFO">${temp} = </msg>
<status status="PASS" starttime="20230521 00:29:21.507" endtime="20230521 00:29:21.578"/>
</kw>
<kw name="Should Be Equal" library="BuiltIn">
<arg>${EMPTY}</arg>
<arg>${temp}</arg>
<doc>Fails if the given objects are unequal.</doc>
<status status="PASS" starttime="20230521 00:29:21.580" endtime="20230521 00:29:21.590"/>
</kw>
<kw name="Get WebElement" library="SeleniumLibrary">
<var>${insertedTitle}</var>
<arg>//tr[last()]/td[2]</arg>
<doc>Returns the first WebElement matching the given ``locator``.</doc>
<msg timestamp="20230521 00:29:21.647" level="INFO">${insertedTitle} = &lt;selenium.webdriver.remote.webelement.WebElement (session="1685de6ecdd354ff06ea9125e8cd3a67", element="B6EB3B320D7BDFC2A5828089742FA639_element_14")&gt;</msg>
<status status="PASS" starttime="20230521 00:29:21.592" endtime="20230521 00:29:21.648"/>
</kw>
<kw name="Get WebElement" library="SeleniumLibrary">
<var>${insertedDesc}</var>
<arg>//tr[last()]/td[3]</arg>
<doc>Returns the first WebElement matching the given ``locator``.</doc>
<msg timestamp="20230521 00:29:21.704" level="INFO">${insertedDesc} = &lt;selenium.webdriver.remote.webelement.WebElement (session="1685de6ecdd354ff06ea9125e8cd3a67", element="B6EB3B320D7BDFC2A5828089742FA639_element_15")&gt;</msg>
<status status="PASS" starttime="20230521 00:29:21.660" endtime="20230521 00:29:21.704"/>
</kw>
<kw name="Should Be Equal As Strings" library="BuiltIn">
<arg>${insertedTitle.text}</arg>
<arg>${title}</arg>
<doc>Fails if objects are unequal after converting them to strings.</doc>
<status status="PASS" starttime="20230521 00:29:21.706" endtime="20230521 00:29:21.758"/>
</kw>
<kw name="Should Be Equal As Strings" library="BuiltIn">
<arg>${insertedDesc.text}</arg>
<arg>${desc}</arg>
<doc>Fails if objects are unequal after converting them to strings.</doc>
<status status="PASS" starttime="20230521 00:29:21.760" endtime="20230521 00:29:21.814"/>
</kw>
<kw name="Close Browser" library="SeleniumLibrary" type="TEARDOWN">
<doc>Closes the current browser.</doc>
<status status="PASS" starttime="20230521 00:29:21.827" endtime="20230521 00:29:24.374"/>
</kw>
<status status="PASS" starttime="20230521 00:28:53.375" endtime="20230521 00:29:24.376"/>
</test>
<test id="s1-s1-t2" name="Delete TODO" line="23">
<kw name="Open Browser" library="SeleniumLibrary">
<arg>http://127.0.0.1:5500/todo.html</arg>
<arg>edge</arg>
<doc>Opens a new browser instance to the optional ``url``.</doc>
<msg timestamp="20230521 00:29:24.387" level="INFO">Opening browser 'edge' to base url 'http://127.0.0.1:5500/todo.html'.</msg>
<msg timestamp="20230521 00:29:24.478" level="INFO">Applicable driver not found; attempting to install with Selenium Manager (Beta)</msg>
<status status="PASS" starttime="20230521 00:29:24.382" endtime="20230521 00:29:28.990"/>
</kw>
<kw name="Generate Random String" library="String">
<var>${firstTitle}</var>
<arg>20</arg>
<arg>[LETTERS]</arg>
<doc>Generates a string with a desired ``length`` from the given ``chars``.</doc>
<msg timestamp="20230521 00:29:28.997" level="INFO">${firstTitle} = GxeSxcatwDkCEhLbFsPl</msg>
<status status="PASS" starttime="20230521 00:29:28.994" endtime="20230521 00:29:28.998"/>
</kw>
<kw name="Generate Random String" library="String">
<var>${firstDesc}</var>
<arg>64</arg>
<arg>[LETTERS]</arg>
<doc>Generates a string with a desired ``length`` from the given ``chars``.</doc>
<msg timestamp="20230521 00:29:29.002" level="INFO">${firstDesc} = JgFANVDrxeNuSoALxMqaUopgeuNGNfyAaVOjwvAaitPzVPngXnCbNKTdeuirOhnu</msg>
<status status="PASS" starttime="20230521 00:29:29.000" endtime="20230521 00:29:29.002"/>
</kw>
<kw name="Input Text" library="SeleniumLibrary">
<arg>//*[@id="todo"]</arg>
<arg>${firstTitle}</arg>
<doc>Types the given ``text`` into the text field identified by ``locator``.</doc>
<msg timestamp="20230521 00:29:29.012" level="INFO">Typing text 'GxeSxcatwDkCEhLbFsPl' into text field '//*[@id="todo"]'.</msg>
<status status="PASS" starttime="20230521 00:29:29.010" endtime="20230521 00:29:29.885"/>
</kw>
<kw name="Input Text" library="SeleniumLibrary">
<arg>//*[@id="desc"]</arg>
<arg>${firstDesc}</arg>
<doc>Types the given ``text`` into the text field identified by ``locator``.</doc>
<msg timestamp="20230521 00:29:29.888" level="INFO">Typing text 'JgFANVDrxeNuSoALxMqaUopgeuNGNfyAaVOjwvAaitPzVPngXnCbNKTdeuirOhnu' into text field '//*[@id="desc"]'.</msg>
<status status="PASS" starttime="20230521 00:29:29.886" endtime="20230521 00:29:30.885"/>
</kw>
<kw name="Click Button" library="SeleniumLibrary">
<arg>//*[@id="todo-form"]/button</arg>
<doc>Clicks the button identified by ``locator``.</doc>
<msg timestamp="20230521 00:29:30.888" level="INFO">Clicking button '//*[@id="todo-form"]/button'.</msg>
<status status="PASS" starttime="20230521 00:29:30.886" endtime="20230521 00:29:31.141"/>
</kw>
<kw name="Generate Random String" library="String">
<var>${title}</var>
<arg>20</arg>
<arg>[LETTERS]</arg>
<doc>Generates a string with a desired ``length`` from the given ``chars``.</doc>
<msg timestamp="20230521 00:29:31.156" level="INFO">${title} = OLEvlcpiygfohVyvCmrr</msg>
<status status="PASS" starttime="20230521 00:29:31.154" endtime="20230521 00:29:31.156"/>
</kw>
<kw name="Generate Random String" library="String">
<var>${desc}</var>
<arg>64</arg>
<arg>[LETTERS]</arg>
<doc>Generates a string with a desired ``length`` from the given ``chars``.</doc>
<msg timestamp="20230521 00:29:31.216" level="INFO">${desc} = jGgPCZIBnkKFoWVcwicjDeSEYCWExsFaGMGaAYgduIQgYrbrUvEtmHJqPcpjUJNF</msg>
<status status="PASS" starttime="20230521 00:29:31.207" endtime="20230521 00:29:31.216"/>
</kw>
<kw name="Input Text" library="SeleniumLibrary">
<arg>//*[@id="todo"]</arg>
<arg>${title}</arg>
<doc>Types the given ``text`` into the text field identified by ``locator``.</doc>
<msg timestamp="20230521 00:29:31.236" level="INFO">Typing text 'OLEvlcpiygfohVyvCmrr' into text field '//*[@id="todo"]'.</msg>
<status status="PASS" starttime="20230521 00:29:31.222" endtime="20230521 00:29:31.651"/>
</kw>
<kw name="Input Text" library="SeleniumLibrary">
<arg>//*[@id="desc"]</arg>
<arg>${desc}</arg>
<doc>Types the given ``text`` into the text field identified by ``locator``.</doc>
<msg timestamp="20230521 00:29:31.656" level="INFO">Typing text 'jGgPCZIBnkKFoWVcwicjDeSEYCWExsFaGMGaAYgduIQgYrbrUvEtmHJqPcpjUJNF' into text field '//*[@id="desc"]'.</msg>
<status status="PASS" starttime="20230521 00:29:31.654" endtime="20230521 00:29:32.356"/>
</kw>
<kw name="Click Button" library="SeleniumLibrary">
<arg>//*[@id="todo-form"]/button</arg>
<doc>Clicks the button identified by ``locator``.</doc>
<msg timestamp="20230521 00:29:32.362" level="INFO">Clicking button '//*[@id="todo-form"]/button'.</msg>
<status status="PASS" starttime="20230521 00:29:32.357" endtime="20230521 00:29:32.538"/>
</kw>
<kw name="Get WebElement" library="SeleniumLibrary">
<var>${deleteButton}</var>
<arg>//tr[last()]/td[last()]/button</arg>
<doc>Returns the first WebElement matching the given ``locator``.</doc>
<msg timestamp="20230521 00:29:32.609" level="INFO">${deleteButton} = &lt;selenium.webdriver.remote.webelement.WebElement (session="81db92704d4677efbb511388e44c9727", element="400E305249006E333E5B1F5E0B4D1544_element_15")&gt;</msg>
<status status="PASS" starttime="20230521 00:29:32.541" endtime="20230521 00:29:32.613"/>
</kw>
<kw name="Click Button" library="SeleniumLibrary">
<arg>${deleteButton}</arg>
<doc>Clicks the button identified by ``locator``.</doc>
<msg timestamp="20230521 00:29:32.620" level="INFO">Clicking button '&lt;selenium.webdriver.remote.webelement.WebElement (session="81db92704d4677efbb511388e44c9727", element="400E305249006E333E5B1F5E0B4D1544_element_15")&gt;'.</msg>
<status status="PASS" starttime="20230521 00:29:32.618" endtime="20230521 00:29:32.823"/>
</kw>
<kw name="Get WebElement" library="SeleniumLibrary">
<var>${insertedTitle}</var>
<arg>//tr[last()]/td[2]</arg>
<doc>Returns the first WebElement matching the given ``locator``.</doc>
<msg timestamp="20230521 00:29:32.906" level="INFO">${insertedTitle} = &lt;selenium.webdriver.remote.webelement.WebElement (session="81db92704d4677efbb511388e44c9727", element="400E305249006E333E5B1F5E0B4D1544_element_16")&gt;</msg>
<status status="PASS" starttime="20230521 00:29:32.824" endtime="20230521 00:29:32.907"/>
</kw>
<kw name="Get WebElement" library="SeleniumLibrary">
<var>${insertedDesc}</var>
<arg>//tr[last()]/td[3]</arg>
<doc>Returns the first WebElement matching the given ``locator``.</doc>
<msg timestamp="20230521 00:29:32.957" level="INFO">${insertedDesc} = &lt;selenium.webdriver.remote.webelement.WebElement (session="81db92704d4677efbb511388e44c9727", element="400E305249006E333E5B1F5E0B4D1544_element_17")&gt;</msg>
<status status="PASS" starttime="20230521 00:29:32.908" endtime="20230521 00:29:32.957"/>
</kw>
<kw name="Should Be Equal As Strings" library="BuiltIn">
<arg>${insertedTitle.text}</arg>
<arg>${firstTitle}</arg>
<doc>Fails if objects are unequal after converting them to strings.</doc>
<status status="PASS" starttime="20230521 00:29:32.958" endtime="20230521 00:29:33.014"/>
</kw>
<kw name="Should Be Equal As Strings" library="BuiltIn">
<arg>${insertedDesc.text}</arg>
<arg>${firstDesc}</arg>
<doc>Fails if objects are unequal after converting them to strings.</doc>
<status status="PASS" starttime="20230521 00:29:33.018" endtime="20230521 00:29:33.042"/>
</kw>
<kw name="Close Browser" library="SeleniumLibrary" type="TEARDOWN">
<doc>Closes the current browser.</doc>
<status status="PASS" starttime="20230521 00:29:33.051" endtime="20230521 00:29:35.795"/>
</kw>
<status status="PASS" starttime="20230521 00:29:24.380" endtime="20230521 00:29:35.801"/>
</test>
<test id="s1-s1-t3" name="Update completion" line="47">
<kw name="Open Browser" library="SeleniumLibrary">
<arg>http://127.0.0.1:5500/todo.html</arg>
<arg>edge</arg>
<doc>Opens a new browser instance to the optional ``url``.</doc>
<msg timestamp="20230521 00:29:35.810" level="INFO">Opening browser 'edge' to base url 'http://127.0.0.1:5500/todo.html'.</msg>
<msg timestamp="20230521 00:29:35.910" level="INFO">Applicable driver not found; attempting to install with Selenium Manager (Beta)</msg>
<status status="PASS" starttime="20230521 00:29:35.808" endtime="20230521 00:29:40.988"/>
</kw>
<kw name="Generate Random String" library="String">
<var>${firstTitle}</var>
<arg>20</arg>
<arg>[LETTERS]</arg>
<doc>Generates a string with a desired ``length`` from the given ``chars``.</doc>
<msg timestamp="20230521 00:29:40.995" level="INFO">${firstTitle} = BqgywYEWjIHgsEIAcLKs</msg>
<status status="PASS" starttime="20230521 00:29:40.994" endtime="20230521 00:29:40.996"/>
</kw>
<kw name="Generate Random String" library="String">
<var>${firstDesc}</var>
<arg>64</arg>
<arg>[LETTERS]</arg>
<doc>Generates a string with a desired ``length`` from the given ``chars``.</doc>
<msg timestamp="20230521 00:29:41.007" level="INFO">${firstDesc} = RtpSSRaJxKEmqxQmDlIOEeTtysgCNFKeddcVOylsDgqcLNfghvRiTMSJPHQfuRQt</msg>
<status status="PASS" starttime="20230521 00:29:41.004" endtime="20230521 00:29:41.008"/>
</kw>
<kw name="Input Text" library="SeleniumLibrary">
<arg>//*[@id="todo"]</arg>
<arg>${firstTitle}</arg>
<doc>Types the given ``text`` into the text field identified by ``locator``.</doc>
<msg timestamp="20230521 00:29:41.020" level="INFO">Typing text 'BqgywYEWjIHgsEIAcLKs' into text field '//*[@id="todo"]'.</msg>
<status status="PASS" starttime="20230521 00:29:41.017" endtime="20230521 00:29:41.861"/>
</kw>
<kw name="Input Text" library="SeleniumLibrary">
<arg>//*[@id="desc"]</arg>
<arg>${firstDesc}</arg>
<doc>Types the given ``text`` into the text field identified by ``locator``.</doc>
<msg timestamp="20230521 00:29:41.866" level="INFO">Typing text 'RtpSSRaJxKEmqxQmDlIOEeTtysgCNFKeddcVOylsDgqcLNfghvRiTMSJPHQfuRQt' into text field '//*[@id="desc"]'.</msg>
<status status="PASS" starttime="20230521 00:29:41.864" endtime="20230521 00:29:43.039"/>
</kw>
<kw name="Click Button" library="SeleniumLibrary">
<arg>//*[@id="todo-form"]/button</arg>
<doc>Clicks the button identified by ``locator``.</doc>
<msg timestamp="20230521 00:29:43.044" level="INFO">Clicking button '//*[@id="todo-form"]/button'.</msg>
<status status="PASS" starttime="20230521 00:29:43.042" endtime="20230521 00:29:43.402"/>
</kw>
<kw name="Generate Random String" library="String">
<var>${secondTitle}</var>
<arg>20</arg>
<arg>[LETTERS]</arg>
<doc>Generates a string with a desired ``length`` from the given ``chars``.</doc>
<msg timestamp="20230521 00:29:43.412" level="INFO">${secondTitle} = OjgyLaMYECGAMYRLeNnD</msg>
<status status="PASS" starttime="20230521 00:29:43.409" endtime="20230521 00:29:43.412"/>
</kw>
<kw name="Generate Random String" library="String">
<var>${secondDesc}</var>
<arg>64</arg>
<arg>[LETTERS]</arg>
<doc>Generates a string with a desired ``length`` from the given ``chars``.</doc>
<msg timestamp="20230521 00:29:43.419" level="INFO">${secondDesc} = uWZUJPblHRCDDyQHkbtRnJgSHEyOgEPXSBVkIdWMbljCVvJMjIxvTXjMCvXcjyco</msg>
<status status="PASS" starttime="20230521 00:29:43.417" endtime="20230521 00:29:43.419"/>
</kw>
<kw name="Input Text" library="SeleniumLibrary">
<arg>//*[@id="todo"]</arg>
<arg>${secondTitle}</arg>
<doc>Types the given ``text`` into the text field identified by ``locator``.</doc>
<msg timestamp="20230521 00:29:43.431" level="INFO">Typing text 'OjgyLaMYECGAMYRLeNnD' into text field '//*[@id="todo"]'.</msg>
<status status="PASS" starttime="20230521 00:29:43.429" endtime="20230521 00:29:43.849"/>
</kw>
<kw name="Input Text" library="SeleniumLibrary">
<arg>//*[@id="desc"]</arg>
<arg>${secondDesc}</arg>
<doc>Types the given ``text`` into the text field identified by ``locator``.</doc>
<msg timestamp="20230521 00:29:43.853" level="INFO">Typing text 'uWZUJPblHRCDDyQHkbtRnJgSHEyOgEPXSBVkIdWMbljCVvJMjIxvTXjMCvXcjyco' into text field '//*[@id="desc"]'.</msg>
<status status="PASS" starttime="20230521 00:29:43.851" endtime="20230521 00:29:44.568"/>
</kw>
<kw name="Click Button" library="SeleniumLibrary">
<arg>//*[@id="todo-form"]/button</arg>
<doc>Clicks the button identified by ``locator``.</doc>
<msg timestamp="20230521 00:29:44.578" level="INFO">Clicking button '//*[@id="todo-form"]/button'.</msg>
<status status="PASS" starttime="20230521 00:29:44.569" endtime="20230521 00:29:44.784"/>
</kw>
<kw name="Select Checkbox" library="SeleniumLibrary">
<arg>//tr[last()]/td[4]/input</arg>
<doc>Selects the checkbox identified by ``locator``.</doc>
<msg timestamp="20230521 00:29:44.793" level="INFO">Selecting checkbox '//tr[last()]/td[4]/input'.</msg>
<status status="PASS" starttime="20230521 00:29:44.785" endtime="20230521 00:29:45.136"/>
</kw>
<kw name="Reload Page" library="SeleniumLibrary">
<doc>Simulates user reloading page.</doc>
<status status="PASS" starttime="20230521 00:29:45.138" endtime="20230521 00:29:45.402"/>
</kw>
<kw name="Checkbox Should Be Selected" library="SeleniumLibrary">
<arg>//tr[last()]/td[4]/input</arg>
<doc>Verifies checkbox ``locator`` is selected/checked.</doc>
<msg timestamp="20230521 00:29:45.420" level="INFO">Verifying checkbox '//tr[last()]/td[4]/input' is selected.</msg>
<status status="PASS" starttime="20230521 00:29:45.419" endtime="20230521 00:29:45.664"/>
</kw>
<kw name="Checkbox Should Not Be Selected" library="SeleniumLibrary">
<arg>//tr[last() - 1]/td[4]/input</arg>
<doc>Verifies checkbox ``locator`` is not selected/checked.</doc>
<msg timestamp="20230521 00:29:45.667" level="INFO">Verifying checkbox '//tr[last() - 1]/td[4]/input' is not selected.</msg>
<status status="PASS" starttime="20230521 00:29:45.666" endtime="20230521 00:29:45.804"/>
</kw>
<kw name="Close Browser" library="SeleniumLibrary" type="TEARDOWN">
<doc>Closes the current browser.</doc>
<status status="PASS" starttime="20230521 00:29:45.814" endtime="20230521 00:29:50.171"/>
</kw>
<status status="PASS" starttime="20230521 00:29:35.806" endtime="20230521 00:29:50.172"/>
</test>
<test id="s1-s1-t4" name="All TODO" line="69">
<kw name="Open Browser" library="SeleniumLibrary">
<arg>http://127.0.0.1:5500/todo.html</arg>
<arg>edge</arg>
<doc>Opens a new browser instance to the optional ``url``.</doc>
<msg timestamp="20230521 00:29:50.187" level="INFO">Opening browser 'edge' to base url 'http://127.0.0.1:5500/todo.html'.</msg>
<msg timestamp="20230521 00:29:50.292" level="INFO">Applicable driver not found; attempting to install with Selenium Manager (Beta)</msg>
<status status="PASS" starttime="20230521 00:29:50.184" endtime="20230521 00:29:56.304"/>
</kw>
<kw name="Generate Random String" library="String">
<var>${firstTitle}</var>
<arg>20</arg>
<arg>[LETTERS]</arg>
<doc>Generates a string with a desired ``length`` from the given ``chars``.</doc>
<msg timestamp="20230521 00:29:56.308" level="INFO">${firstTitle} = cSKDrNdwgqashEcVbUsb</msg>
<status status="PASS" starttime="20230521 00:29:56.307" endtime="20230521 00:29:56.308"/>
</kw>
<kw name="Generate Random String" library="String">
<var>${firstDesc}</var>
<arg>64</arg>
<arg>[LETTERS]</arg>
<doc>Generates a string with a desired ``length`` from the given ``chars``.</doc>
<msg timestamp="20230521 00:29:56.312" level="INFO">${firstDesc} = GlqqNtDNCpJDmFOuZUmfOBLLmidCfxelzZJPzyJlNarkDUkkWExigVMqPVWOdnOC</msg>
<status status="PASS" starttime="20230521 00:29:56.310" endtime="20230521 00:29:56.312"/>
</kw>
<kw name="Input Text" library="SeleniumLibrary">
<arg>//*[@id="todo"]</arg>
<arg>${firstTitle}</arg>
<doc>Types the given ``text`` into the text field identified by ``locator``.</doc>
<msg timestamp="20230521 00:29:56.322" level="INFO">Typing text 'cSKDrNdwgqashEcVbUsb' into text field '//*[@id="todo"]'.</msg>
<status status="PASS" starttime="20230521 00:29:56.315" endtime="20230521 00:29:57.292"/>
</kw>
<kw name="Input Text" library="SeleniumLibrary">
<arg>//*[@id="desc"]</arg>
<arg>${firstDesc}</arg>
<doc>Types the given ``text`` into the text field identified by ``locator``.</doc>
<msg timestamp="20230521 00:29:57.296" level="INFO">Typing text 'GlqqNtDNCpJDmFOuZUmfOBLLmidCfxelzZJPzyJlNarkDUkkWExigVMqPVWOdnOC' into text field '//*[@id="desc"]'.</msg>
<status status="PASS" starttime="20230521 00:29:57.294" endtime="20230521 00:29:58.082"/>
</kw>
<kw name="Click Button" library="SeleniumLibrary">
<arg>//*[@id="todo-form"]/button</arg>
<doc>Clicks the button identified by ``locator``.</doc>
<msg timestamp="20230521 00:29:58.089" level="INFO">Clicking button '//*[@id="todo-form"]/button'.</msg>
<status status="PASS" starttime="20230521 00:29:58.083" endtime="20230521 00:29:58.382"/>
</kw>
<kw name="Generate Random String" library="String">
<var>${secondTitle}</var>
<arg>20</arg>
<arg>[LETTERS]</arg>
<doc>Generates a string with a desired ``length`` from the given ``chars``.</doc>
<msg timestamp="20230521 00:29:58.390" level="INFO">${secondTitle} = fZPDCLjXioIpHPVekVAa</msg>
<status status="PASS" starttime="20230521 00:29:58.386" endtime="20230521 00:29:58.391"/>
</kw>
<kw name="Generate Random String" library="String">
<var>${secondDesc}</var>
<arg>64</arg>
<arg>[LETTERS]</arg>
<doc>Generates a string with a desired ``length`` from the given ``chars``.</doc>
<msg timestamp="20230521 00:29:58.414" level="INFO">${secondDesc} = ZDevJowvapqRJzjnpbWlBVBStYOXTLprAYfYIqTgorofgWMwugeHEeaHzslpgKyj</msg>
<status status="PASS" starttime="20230521 00:29:58.413" endtime="20230521 00:29:58.415"/>
</kw>
<kw name="Input Text" library="SeleniumLibrary">
<arg>//*[@id="todo"]</arg>
<arg>${secondTitle}</arg>
<doc>Types the given ``text`` into the text field identified by ``locator``.</doc>
<msg timestamp="20230521 00:29:58.427" level="INFO">Typing text 'fZPDCLjXioIpHPVekVAa' into text field '//*[@id="todo"]'.</msg>
<status status="PASS" starttime="20230521 00:29:58.418" endtime="20230521 00:29:58.927"/>
</kw>
<kw name="Input Text" library="SeleniumLibrary">
<arg>//*[@id="desc"]</arg>
<arg>${secondDesc}</arg>
<doc>Types the given ``text`` into the text field identified by ``locator``.</doc>
<msg timestamp="20230521 00:29:58.933" level="INFO">Typing text 'ZDevJowvapqRJzjnpbWlBVBStYOXTLprAYfYIqTgorofgWMwugeHEeaHzslpgKyj' into text field '//*[@id="desc"]'.</msg>
<status status="PASS" starttime="20230521 00:29:58.932" endtime="20230521 00:29:59.667"/>
</kw>
<kw name="Click Button" library="SeleniumLibrary">
<arg>//*[@id="todo-form"]/button</arg>
<doc>Clicks the button identified by ``locator``.</doc>
<msg timestamp="20230521 00:29:59.674" level="INFO">Clicking button '//*[@id="todo-form"]/button'.</msg>
<status status="PASS" starttime="20230521 00:29:59.668" endtime="20230521 00:29:59.885"/>
</kw>
<kw name="Generate Random String" library="String">
<var>${thridTitle}</var>
<arg>20</arg>
<arg>[LETTERS]</arg>
<doc>Generates a string with a desired ``length`` from the given ``chars``.</doc>
<msg timestamp="20230521 00:29:59.897" level="INFO">${thridTitle} = VGNFNxxyniepHKNHRmlM</msg>
<status status="PASS" starttime="20230521 00:29:59.896" endtime="20230521 00:29:59.898"/>
</kw>
<kw name="Generate Random String" library="String">
<var>${thridDesc}</var>
<arg>64</arg>
<arg>[LETTERS]</arg>
<doc>Generates a string with a desired ``length`` from the given ``chars``.</doc>
<msg timestamp="20230521 00:29:59.901" level="INFO">${thridDesc} = CdaJZgZagEVEwDoEPaVbYXbTdVfmiKslKGSbNkZWnmCgZUBQOUqLKIJXsOPfyTxo</msg>
<status status="PASS" starttime="20230521 00:29:59.899" endtime="20230521 00:29:59.901"/>
</kw>
<kw name="Input Text" library="SeleniumLibrary">
<arg>//*[@id="todo"]</arg>
<arg>${thridTitle}</arg>
<doc>Types the given ``text`` into the text field identified by ``locator``.</doc>
<msg timestamp="20230521 00:29:59.914" level="INFO">Typing text 'VGNFNxxyniepHKNHRmlM' into text field '//*[@id="todo"]'.</msg>
<status status="PASS" starttime="20230521 00:29:59.911" endtime="20230521 00:30:00.418"/>
</kw>
<kw name="Input Text" library="SeleniumLibrary">
<arg>//*[@id="desc"]</arg>
<arg>${thridDesc}</arg>
<doc>Types the given ``text`` into the text field identified by ``locator``.</doc>
<msg timestamp="20230521 00:30:00.430" level="INFO">Typing text 'CdaJZgZagEVEwDoEPaVbYXbTdVfmiKslKGSbNkZWnmCgZUBQOUqLKIJXsOPfyTxo' into text field '//*[@id="desc"]'.</msg>
<status status="PASS" starttime="20230521 00:30:00.419" endtime="20230521 00:30:01.053"/>
</kw>
<kw name="Click Button" library="SeleniumLibrary">
<arg>//*[@id="todo-form"]/button</arg>
<doc>Clicks the button identified by ``locator``.</doc>
<msg timestamp="20230521 00:30:01.061" level="INFO">Clicking button '//*[@id="todo-form"]/button'.</msg>
<status status="PASS" starttime="20230521 00:30:01.057" endtime="20230521 00:30:01.252"/>
</kw>
<kw name="Select Checkbox" library="SeleniumLibrary">
<arg>//tr[last()]/td[4]/input</arg>
<doc>Selects the checkbox identified by ``locator``.</doc>
<msg timestamp="20230521 00:30:01.273" level="INFO">Selecting checkbox '//tr[last()]/td[4]/input'.</msg>
<status status="PASS" starttime="20230521 00:30:01.269" endtime="20230521 00:30:01.585"/>
</kw>
<kw name="Select Checkbox" library="SeleniumLibrary">
<arg>//tr[last() - 1]/td[4]/input</arg>
<doc>Selects the checkbox identified by ``locator``.</doc>
<msg timestamp="20230521 00:30:01.597" level="INFO">Selecting checkbox '//tr[last() - 1]/td[4]/input'.</msg>
<status status="PASS" starttime="20230521 00:30:01.595" endtime="20230521 00:30:01.848"/>
</kw>
<kw name="Get WebElements" library="SeleniumLibrary">
<var>${elementsBeforeClick}</var>
<arg>//tbody[id="todo-table"]/tr</arg>
<doc>Returns a list of WebElement objects matching the ``locator``.</doc>
<msg timestamp="20230521 00:30:01.887" level="INFO">${elementsBeforeClick} = []</msg>
<status status="PASS" starttime="20230521 00:30:01.852" endtime="20230521 00:30:01.887"/>
</kw>
<kw name="Click Button" library="SeleniumLibrary">
<arg>//html/body/div/div/div[2]/button[1]</arg>
<doc>Clicks the button identified by ``locator``.</doc>
<msg timestamp="20230521 00:30:01.910" level="INFO">Clicking button '//html/body/div/div/div[2]/button[1]'.</msg>
<status status="PASS" starttime="20230521 00:30:01.904" endtime="20230521 00:30:02.087"/>
</kw>
<kw name="Get WebElements" library="SeleniumLibrary">
<var>${elementsAfterClick}</var>
<arg>//tbody[id="todo-table"]/tr</arg>
<doc>Returns a list of WebElement objects matching the ``locator``.</doc>
<msg timestamp="20230521 00:30:02.267" level="INFO">${elementsAfterClick} = []</msg>
<status status="PASS" starttime="20230521 00:30:02.094" endtime="20230521 00:30:02.267"/>
</kw>
<kw name="Get Length" library="BuiltIn">
<var>${size}</var>
<arg>${elementsBeforeClick}</arg>
<doc>Returns and logs the length of the given item as an integer.</doc>
<msg timestamp="20230521 00:30:02.277" level="INFO">Length is 0</msg>
<msg timestamp="20230521 00:30:02.279" level="INFO">${size} = 0</msg>
<status status="PASS" starttime="20230521 00:30:02.271" endtime="20230521 00:30:02.282"/>
</kw>
<for flavor="IN RANGE">
<var>${i}</var>
<value>${size}</value>
<iter>
<var name="${i}"/>
<kw name="Should Be Equal" library="BuiltIn">
<arg>${elementsAfterClick[${i}]}</arg>
<arg>${elementsBeforeClick[${i}]}</arg>
<doc>Fails if the given objects are unequal.</doc>
<status status="NOT RUN" starttime="20230521 00:30:02.299" endtime="20230521 00:30:02.300"/>
</kw>
<status status="NOT RUN" starttime="20230521 00:30:02.298" endtime="20230521 00:30:02.300"/>
</iter>
<status status="NOT RUN" starttime="20230521 00:30:02.296" endtime="20230521 00:30:02.301"/>
</for>
<kw name="Close Browser" library="SeleniumLibrary" type="TEARDOWN">
<doc>Closes the current browser.</doc>
<status status="PASS" starttime="20230521 00:30:02.305" endtime="20230521 00:30:07.004"/>
</kw>
<status status="PASS" starttime="20230521 00:29:50.175" endtime="20230521 00:30:07.005"/>
</test>
<test id="s1-s1-t5" name="Get completed" line="106">
<kw name="Open Browser" library="SeleniumLibrary">
<arg>http://127.0.0.1:5500/todo.html</arg>
<arg>edge</arg>
<doc>Opens a new browser instance to the optional ``url``.</doc>
<msg timestamp="20230521 00:30:07.015" level="INFO">Opening browser 'edge' to base url 'http://127.0.0.1:5500/todo.html'.</msg>
<msg timestamp="20230521 00:30:07.108" level="INFO">Applicable driver not found; attempting to install with Selenium Manager (Beta)</msg>
<status status="PASS" starttime="20230521 00:30:07.010" endtime="20230521 00:30:32.370"/>
</kw>
<kw name="Generate Random String" library="String">
<var>${firstTitle}</var>
<arg>20</arg>
<arg>[LETTERS]</arg>
<doc>Generates a string with a desired ``length`` from the given ``chars``.</doc>
<msg timestamp="20230521 00:30:32.395" level="INFO">${firstTitle} = hCxAHKoVsXXSDNWBmcMd</msg>
<status status="PASS" starttime="20230521 00:30:32.392" endtime="20230521 00:30:32.396"/>
</kw>
<kw name="Generate Random String" library="String">
<var>${firstDesc}</var>
<arg>64</arg>
<arg>[LETTERS]</arg>
<doc>Generates a string with a desired ``length`` from the given ``chars``.</doc>
<msg timestamp="20230521 00:30:32.406" level="INFO">${firstDesc} = ClIcasbONwlJYHXorrAWhFvZIYPkKfZoTEiJYbAvViYyirXuooscDpNBjdPgGkEQ</msg>
<status status="PASS" starttime="20230521 00:30:32.403" endtime="20230521 00:30:32.407"/>
</kw>
<kw name="Input Text" library="SeleniumLibrary">
<arg>//*[@id="todo"]</arg>
<arg>${firstTitle}</arg>
<doc>Types the given ``text`` into the text field identified by ``locator``.</doc>
<msg timestamp="20230521 00:30:32.422" level="INFO">Typing text 'hCxAHKoVsXXSDNWBmcMd' into text field '//*[@id="todo"]'.</msg>
<status status="PASS" starttime="20230521 00:30:32.418" endtime="20230521 00:30:33.111"/>
</kw>
<kw name="Input Text" library="SeleniumLibrary">
<arg>//*[@id="desc"]</arg>
<arg>${firstDesc}</arg>
<doc>Types the given ``text`` into the text field identified by ``locator``.</doc>
<msg timestamp="20230521 00:30:33.115" level="INFO">Typing text 'ClIcasbONwlJYHXorrAWhFvZIYPkKfZoTEiJYbAvViYyirXuooscDpNBjdPgGkEQ' into text field '//*[@id="desc"]'.</msg>
<status status="PASS" starttime="20230521 00:30:33.113" endtime="20230521 00:30:33.981"/>
</kw>
<kw name="Click Button" library="SeleniumLibrary">
<arg>//*[@id="todo-form"]/button</arg>
<doc>Clicks the button identified by ``locator``.</doc>
<msg timestamp="20230521 00:30:33.983" level="INFO">Clicking button '//*[@id="todo-form"]/button'.</msg>
<status status="PASS" starttime="20230521 00:30:33.982" endtime="20230521 00:30:34.250"/>
</kw>
<kw name="Generate Random String" library="String">
<var>${secondTitle}</var>
<arg>20</arg>
<arg>[LETTERS]</arg>
<doc>Generates a string with a desired ``length`` from the given ``chars``.</doc>
<msg timestamp="20230521 00:30:34.252" level="INFO">${secondTitle} = fApjNykVQEEMQrnVDspp</msg>
<status status="PASS" starttime="20230521 00:30:34.251" endtime="20230521 00:30:34.253"/>
</kw>
<kw name="Generate Random String" library="String">
<var>${secondDesc}</var>
<arg>64</arg>
<arg>[LETTERS]</arg>
<doc>Generates a string with a desired ``length`` from the given ``chars``.</doc>
<msg timestamp="20230521 00:30:34.269" level="INFO">${secondDesc} = UCiqEIROVxlilYqtXljRZcqMeLvvvMTKxYZvhWoorKmTmTQTbfIAAHaAIfGtADMP</msg>
<status status="PASS" starttime="20230521 00:30:34.267" endtime="20230521 00:30:34.269"/>
</kw>
<kw name="Input Text" library="SeleniumLibrary">
<arg>//*[@id="todo"]</arg>
<arg>${secondTitle}</arg>
<doc>Types the given ``text`` into the text field identified by ``locator``.</doc>
<msg timestamp="20230521 00:30:34.282" level="INFO">Typing text 'fApjNykVQEEMQrnVDspp' into text field '//*[@id="todo"]'.</msg>
<status status="PASS" starttime="20230521 00:30:34.280" endtime="20230521 00:30:34.680"/>
</kw>
<kw name="Input Text" library="SeleniumLibrary">
<arg>//*[@id="desc"]</arg>
<arg>${secondDesc}</arg>
<doc>Types the given ``text`` into the text field identified by ``locator``.</doc>
<msg timestamp="20230521 00:30:34.683" level="INFO">Typing text 'UCiqEIROVxlilYqtXljRZcqMeLvvvMTKxYZvhWoorKmTmTQTbfIAAHaAIfGtADMP' into text field '//*[@id="desc"]'.</msg>
<status status="PASS" starttime="20230521 00:30:34.681" endtime="20230521 00:30:35.297"/>
</kw>
<kw name="Click Button" library="SeleniumLibrary">
<arg>//*[@id="todo-form"]/button</arg>
<doc>Clicks the button identified by ``locator``.</doc>
<msg timestamp="20230521 00:30:35.299" level="INFO">Clicking button '//*[@id="todo-form"]/button'.</msg>
<status status="PASS" starttime="20230521 00:30:35.298" endtime="20230521 00:30:35.485"/>
</kw>
<kw name="Generate Random String" library="String">
<var>${thridTitle}</var>
<arg>20</arg>
<arg>[LETTERS]</arg>
<doc>Generates a string with a desired ``length`` from the given ``chars``.</doc>
<msg timestamp="20230521 00:30:35.501" level="INFO">${thridTitle} = WUEDHJFnnfFzXqMKXqVJ</msg>
<status status="PASS" starttime="20230521 00:30:35.499" endtime="20230521 00:30:35.501"/>
</kw>
<kw name="Generate Random String" library="String">
<var>${thridDesc}</var>
<arg>64</arg>
<arg>[LETTERS]</arg>
<doc>Generates a string with a desired ``length`` from the given ``chars``.</doc>
<msg timestamp="20230521 00:30:35.512" level="INFO">${thridDesc} = xIEvMscYFNaMFqdwrZtATsDpAEHTDIibotwTQqxyCLQlrssilkeKvynBSTPDnKML</msg>
<status status="PASS" starttime="20230521 00:30:35.510" endtime="20230521 00:30:35.512"/>
</kw>
<kw name="Input Text" library="SeleniumLibrary">
<arg>//*[@id="todo"]</arg>
<arg>${thridTitle}</arg>
<doc>Types the given ``text`` into the text field identified by ``locator``.</doc>
<msg timestamp="20230521 00:30:35.534" level="INFO">Typing text 'WUEDHJFnnfFzXqMKXqVJ' into text field '//*[@id="todo"]'.</msg>
<status status="PASS" starttime="20230521 00:30:35.532" endtime="20230521 00:30:36.269"/>
</kw>
<kw name="Input Text" library="SeleniumLibrary">
<arg>//*[@id="desc"]</arg>
<arg>${thridDesc}</arg>
<doc>Types the given ``text`` into the text field identified by ``locator``.</doc>
<msg timestamp="20230521 00:30:36.280" level="INFO">Typing text 'xIEvMscYFNaMFqdwrZtATsDpAEHTDIibotwTQqxyCLQlrssilkeKvynBSTPDnKML' into text field '//*[@id="desc"]'.</msg>
<status status="PASS" starttime="20230521 00:30:36.277" endtime="20230521 00:30:36.889"/>
</kw>
<kw name="Click Button" library="SeleniumLibrary">
<arg>//*[@id="todo-form"]/button</arg>
<doc>Clicks the button identified by ``locator``.</doc>
<msg timestamp="20230521 00:30:36.902" level="INFO">Clicking button '//*[@id="todo-form"]/button'.</msg>
<status status="PASS" starttime="20230521 00:30:36.900" endtime="20230521 00:30:37.118"/>
</kw>
<kw name="Sleep" library="BuiltIn">
<arg>1</arg>
<doc>Pauses the test executed for the given time.</doc>
<msg timestamp="20230521 00:30:38.129" level="INFO">Slept 1 second</msg>
<status status="PASS" starttime="20230521 00:30:37.120" endtime="20230521 00:30:38.131"/>
</kw>
<kw name="Select Checkbox" library="SeleniumLibrary">
<arg>//tr[last()]/td[4]/input</arg>
<doc>Selects the checkbox identified by ``locator``.</doc>
<msg timestamp="20230521 00:30:38.135" level="INFO">Selecting checkbox '//tr[last()]/td[4]/input'.</msg>
<status status="PASS" starttime="20230521 00:30:38.133" endtime="20230521 00:30:38.374"/>
</kw>
<kw name="Select Checkbox" library="SeleniumLibrary">
<arg>//tr[last() - 1]/td[4]/input</arg>
<doc>Selects the checkbox identified by ``locator``.</doc>
<msg timestamp="20230521 00:30:38.386" level="INFO">Selecting checkbox '//tr[last() - 1]/td[4]/input'.</msg>
<status status="PASS" starttime="20230521 00:30:38.384" endtime="20230521 00:30:38.606"/>
</kw>
<kw name="Click Button" library="SeleniumLibrary">
<arg>//html/body/div/div/div[2]/button[2]</arg>
<doc>Clicks the button identified by ``locator``.</doc>
<msg timestamp="20230521 00:30:38.613" level="INFO">Clicking button '//html/body/div/div/div[2]/button[2]'.</msg>
<status status="PASS" starttime="20230521 00:30:38.607" endtime="20230521 00:30:38.820"/>
</kw>
<kw name="Get WebElements" library="SeleniumLibrary">
<var>${checkboxes}</var>
<arg>//input[contains(@type, 'checkbox')]</arg>
<doc>Returns a list of WebElement objects matching the ``locator``.</doc>
<msg timestamp="20230521 00:30:38.962" level="INFO">${checkboxes} = [&lt;selenium.webdriver.remote.webelement.WebElement (session="e7c587180901e1cfdccbbebd79ee5dbc", element="5CC78D5F23FE43BF705CBC0535D596E0_element_36")&gt;, &lt;selenium.webdriver.remote.webelement.WebElement...</msg>
<status status="PASS" starttime="20230521 00:30:38.821" endtime="20230521 00:30:38.965"/>
</kw>
<for flavor="IN">
<var>${checkbox}</var>
<value>@{checkboxes}</value>
<iter>
<var name="${checkbox}">&lt;selenium.webdriver.remote.webelement.WebElement (session="e7c587180901e1cfdccbbebd79ee5dbc", element="5CC78D5F23FE43BF705CBC0535D596E0_element_36")&gt;</var>
<kw name="Checkbox Should Be Selected" library="SeleniumLibrary">
<arg>${checkbox}</arg>
<doc>Verifies checkbox ``locator`` is selected/checked.</doc>
<msg timestamp="20230521 00:30:38.970" level="INFO">Verifying checkbox '&lt;selenium.webdriver.remote.webelement.WebElement (session="e7c587180901e1cfdccbbebd79ee5dbc", element="5CC78D5F23FE43BF705CBC0535D596E0_element_36")&gt;' is selected.</msg>
<status status="PASS" starttime="20230521 00:30:38.969" endtime="20230521 00:30:39.000"/>
</kw>
<status status="PASS" starttime="20230521 00:30:38.968" endtime="20230521 00:30:39.000"/>
</iter>
<iter>
<var name="${checkbox}">&lt;selenium.webdriver.remote.webelement.WebElement (session="e7c587180901e1cfdccbbebd79ee5dbc", element="5CC78D5F23FE43BF705CBC0535D596E0_element_37")&gt;</var>
<kw name="Checkbox Should Be Selected" library="SeleniumLibrary">
<arg>${checkbox}</arg>
<doc>Verifies checkbox ``locator`` is selected/checked.</doc>
<msg timestamp="20230521 00:30:39.003" level="INFO">Verifying checkbox '&lt;selenium.webdriver.remote.webelement.WebElement (session="e7c587180901e1cfdccbbebd79ee5dbc", element="5CC78D5F23FE43BF705CBC0535D596E0_element_37")&gt;' is selected.</msg>
<status status="PASS" starttime="20230521 00:30:39.001" endtime="20230521 00:30:39.023"/>
</kw>
<status status="PASS" starttime="20230521 00:30:39.001" endtime="20230521 00:30:39.023"/>
</iter>
<iter>
<var name="${checkbox}">&lt;selenium.webdriver.remote.webelement.WebElement (session="e7c587180901e1cfdccbbebd79ee5dbc", element="5CC78D5F23FE43BF705CBC0535D596E0_element_38")&gt;</var>
<kw name="Checkbox Should Be Selected" library="SeleniumLibrary">
<arg>${checkbox}</arg>
<doc>Verifies checkbox ``locator`` is selected/checked.</doc>
<msg timestamp="20230521 00:30:39.030" level="INFO">Verifying checkbox '&lt;selenium.webdriver.remote.webelement.WebElement (session="e7c587180901e1cfdccbbebd79ee5dbc", element="5CC78D5F23FE43BF705CBC0535D596E0_element_38")&gt;' is selected.</msg>
<status status="PASS" starttime="20230521 00:30:39.024" endtime="20230521 00:30:39.042"/>
</kw>
<status status="PASS" starttime="20230521 00:30:39.024" endtime="20230521 00:30:39.046"/>
</iter>
<iter>
<var name="${checkbox}">&lt;selenium.webdriver.remote.webelement.WebElement (session="e7c587180901e1cfdccbbebd79ee5dbc", element="5CC78D5F23FE43BF705CBC0535D596E0_element_39")&gt;</var>
<kw name="Checkbox Should Be Selected" library="SeleniumLibrary">
<arg>${checkbox}</arg>
<doc>Verifies checkbox ``locator`` is selected/checked.</doc>
<msg timestamp="20230521 00:30:39.052" level="INFO">Verifying checkbox '&lt;selenium.webdriver.remote.webelement.WebElement (session="e7c587180901e1cfdccbbebd79ee5dbc", element="5CC78D5F23FE43BF705CBC0535D596E0_element_39")&gt;' is selected.</msg>
<status status="PASS" starttime="20230521 00:30:39.050" endtime="20230521 00:30:39.070"/>
</kw>
<status status="PASS" starttime="20230521 00:30:39.049" endtime="20230521 00:30:39.070"/>
</iter>
<iter>
<var name="${checkbox}">&lt;selenium.webdriver.remote.webelement.WebElement (session="e7c587180901e1cfdccbbebd79ee5dbc", element="5CC78D5F23FE43BF705CBC0535D596E0_element_40")&gt;</var>
<kw name="Checkbox Should Be Selected" library="SeleniumLibrary">
<arg>${checkbox}</arg>
<doc>Verifies checkbox ``locator`` is selected/checked.</doc>
<msg timestamp="20230521 00:30:39.072" level="INFO">Verifying checkbox '&lt;selenium.webdriver.remote.webelement.WebElement (session="e7c587180901e1cfdccbbebd79ee5dbc", element="5CC78D5F23FE43BF705CBC0535D596E0_element_40")&gt;' is selected.</msg>
<status status="PASS" starttime="20230521 00:30:39.071" endtime="20230521 00:30:39.102"/>
</kw>
<status status="PASS" starttime="20230521 00:30:39.070" endtime="20230521 00:30:39.102"/>
</iter>
<iter>
<var name="${checkbox}">&lt;selenium.webdriver.remote.webelement.WebElement (session="e7c587180901e1cfdccbbebd79ee5dbc", element="5CC78D5F23FE43BF705CBC0535D596E0_element_41")&gt;</var>
<kw name="Checkbox Should Be Selected" library="SeleniumLibrary">
<arg>${checkbox}</arg>
<doc>Verifies checkbox ``locator`` is selected/checked.</doc>
<msg timestamp="20230521 00:30:39.105" level="INFO">Verifying checkbox '&lt;selenium.webdriver.remote.webelement.WebElement (session="e7c587180901e1cfdccbbebd79ee5dbc", element="5CC78D5F23FE43BF705CBC0535D596E0_element_41")&gt;' is selected.</msg>
<status status="PASS" starttime="20230521 00:30:39.103" endtime="20230521 00:30:39.120"/>
</kw>
<status status="PASS" starttime="20230521 00:30:39.103" endtime="20230521 00:30:39.120"/>
</iter>
<iter>
<var name="${checkbox}">&lt;selenium.webdriver.remote.webelement.WebElement (session="e7c587180901e1cfdccbbebd79ee5dbc", element="5CC78D5F23FE43BF705CBC0535D596E0_element_42")&gt;</var>
<kw name="Checkbox Should Be Selected" library="SeleniumLibrary">
<arg>${checkbox}</arg>
<doc>Verifies checkbox ``locator`` is selected/checked.</doc>
<msg timestamp="20230521 00:30:39.122" level="INFO">Verifying checkbox '&lt;selenium.webdriver.remote.webelement.WebElement (session="e7c587180901e1cfdccbbebd79ee5dbc", element="5CC78D5F23FE43BF705CBC0535D596E0_element_42")&gt;' is selected.</msg>
<status status="PASS" starttime="20230521 00:30:39.121" endtime="20230521 00:30:39.137"/>
</kw>
<status status="PASS" starttime="20230521 00:30:39.120" endtime="20230521 00:30:39.137"/>
</iter>
<iter>
<var name="${checkbox}">&lt;selenium.webdriver.remote.webelement.WebElement (session="e7c587180901e1cfdccbbebd79ee5dbc", element="5CC78D5F23FE43BF705CBC0535D596E0_element_43")&gt;</var>
<kw name="Checkbox Should Be Selected" library="SeleniumLibrary">
<arg>${checkbox}</arg>
<doc>Verifies checkbox ``locator`` is selected/checked.</doc>
<msg timestamp="20230521 00:30:39.139" level="INFO">Verifying checkbox '&lt;selenium.webdriver.remote.webelement.WebElement (session="e7c587180901e1cfdccbbebd79ee5dbc", element="5CC78D5F23FE43BF705CBC0535D596E0_element_43")&gt;' is selected.</msg>
<status status="PASS" starttime="20230521 00:30:39.138" endtime="20230521 00:30:39.167"/>
</kw>
<status status="PASS" starttime="20230521 00:30:39.138" endtime="20230521 00:30:39.168"/>
</iter>
<iter>
<var name="${checkbox}">&lt;selenium.webdriver.remote.webelement.WebElement (session="e7c587180901e1cfdccbbebd79ee5dbc", element="5CC78D5F23FE43BF705CBC0535D596E0_element_44")&gt;</var>
<kw name="Checkbox Should Be Selected" library="SeleniumLibrary">
<arg>${checkbox}</arg>
<doc>Verifies checkbox ``locator`` is selected/checked.</doc>
<msg timestamp="20230521 00:30:39.171" level="INFO">Verifying checkbox '&lt;selenium.webdriver.remote.webelement.WebElement (session="e7c587180901e1cfdccbbebd79ee5dbc", element="5CC78D5F23FE43BF705CBC0535D596E0_element_44")&gt;' is selected.</msg>
<status status="PASS" starttime="20230521 00:30:39.170" endtime="20230521 00:30:39.198"/>
</kw>
<status status="PASS" starttime="20230521 00:30:39.169" endtime="20230521 00:30:39.199"/>
</iter>
<iter>
<var name="${checkbox}">&lt;selenium.webdriver.remote.webelement.WebElement (session="e7c587180901e1cfdccbbebd79ee5dbc", element="5CC78D5F23FE43BF705CBC0535D596E0_element_45")&gt;</var>
<kw name="Checkbox Should Be Selected" library="SeleniumLibrary">
<arg>${checkbox}</arg>
<doc>Verifies checkbox ``locator`` is selected/checked.</doc>
<msg timestamp="20230521 00:30:39.200" level="INFO">Verifying checkbox '&lt;selenium.webdriver.remote.webelement.WebElement (session="e7c587180901e1cfdccbbebd79ee5dbc", element="5CC78D5F23FE43BF705CBC0535D596E0_element_45")&gt;' is selected.</msg>
<status status="PASS" starttime="20230521 00:30:39.199" endtime="20230521 00:30:39.222"/>
</kw>
<status status="PASS" starttime="20230521 00:30:39.199" endtime="20230521 00:30:39.222"/>
</iter>
<iter>
<var name="${checkbox}">&lt;selenium.webdriver.remote.webelement.WebElement (session="e7c587180901e1cfdccbbebd79ee5dbc", element="5CC78D5F23FE43BF705CBC0535D596E0_element_46")&gt;</var>
<kw name="Checkbox Should Be Selected" library="SeleniumLibrary">
<arg>${checkbox}</arg>
<doc>Verifies checkbox ``locator`` is selected/checked.</doc>
<msg timestamp="20230521 00:30:39.225" level="INFO">Verifying checkbox '&lt;selenium.webdriver.remote.webelement.WebElement (session="e7c587180901e1cfdccbbebd79ee5dbc", element="5CC78D5F23FE43BF705CBC0535D596E0_element_46")&gt;' is selected.</msg>
<status status="PASS" starttime="20230521 00:30:39.223" endtime="20230521 00:30:39.241"/>
</kw>
<status status="PASS" starttime="20230521 00:30:39.222" endtime="20230521 00:30:39.242"/>
</iter>
<iter>
<var name="${checkbox}">&lt;selenium.webdriver.remote.webelement.WebElement (session="e7c587180901e1cfdccbbebd79ee5dbc", element="5CC78D5F23FE43BF705CBC0535D596E0_element_47")&gt;</var>
<kw name="Checkbox Should Be Selected" library="SeleniumLibrary">
<arg>${checkbox}</arg>
<doc>Verifies checkbox ``locator`` is selected/checked.</doc>
<msg timestamp="20230521 00:30:39.254" level="INFO">Verifying checkbox '&lt;selenium.webdriver.remote.webelement.WebElement (session="e7c587180901e1cfdccbbebd79ee5dbc", element="5CC78D5F23FE43BF705CBC0535D596E0_element_47")&gt;' is selected.</msg>
<status status="PASS" starttime="20230521 00:30:39.252" endtime="20230521 00:30:39.277"/>
</kw>
<status status="PASS" starttime="20230521 00:30:39.249" endtime="20230521 00:30:39.280"/>
</iter>
<iter>
<var name="${checkbox}">&lt;selenium.webdriver.remote.webelement.WebElement (session="e7c587180901e1cfdccbbebd79ee5dbc", element="5CC78D5F23FE43BF705CBC0535D596E0_element_48")&gt;</var>
<kw name="Checkbox Should Be Selected" library="SeleniumLibrary">
<arg>${checkbox}</arg>
<doc>Verifies checkbox ``locator`` is selected/checked.</doc>
<msg timestamp="20230521 00:30:39.287" level="INFO">Verifying checkbox '&lt;selenium.webdriver.remote.webelement.WebElement (session="e7c587180901e1cfdccbbebd79ee5dbc", element="5CC78D5F23FE43BF705CBC0535D596E0_element_48")&gt;' is selected.</msg>
<status status="PASS" starttime="20230521 00:30:39.284" endtime="20230521 00:30:39.306"/>
</kw>
<status status="PASS" starttime="20230521 00:30:39.281" endtime="20230521 00:30:39.307"/>
</iter>
<iter>
<var name="${checkbox}">&lt;selenium.webdriver.remote.webelement.WebElement (session="e7c587180901e1cfdccbbebd79ee5dbc", element="5CC78D5F23FE43BF705CBC0535D596E0_element_49")&gt;</var>
<kw name="Checkbox Should Be Selected" library="SeleniumLibrary">
<arg>${checkbox}</arg>
<doc>Verifies checkbox ``locator`` is selected/checked.</doc>
<msg timestamp="20230521 00:30:39.308" level="INFO">Verifying checkbox '&lt;selenium.webdriver.remote.webelement.WebElement (session="e7c587180901e1cfdccbbebd79ee5dbc", element="5CC78D5F23FE43BF705CBC0535D596E0_element_49")&gt;' is selected.</msg>
<status status="PASS" starttime="20230521 00:30:39.307" endtime="20230521 00:30:39.333"/>
</kw>
<status status="PASS" starttime="20230521 00:30:39.307" endtime="20230521 00:30:39.334"/>
</iter>
<iter>
<var name="${checkbox}">&lt;selenium.webdriver.remote.webelement.WebElement (session="e7c587180901e1cfdccbbebd79ee5dbc", element="5CC78D5F23FE43BF705CBC0535D596E0_element_50")&gt;</var>
<kw name="Checkbox Should Be Selected" library="SeleniumLibrary">
<arg>${checkbox}</arg>
<doc>Verifies checkbox ``locator`` is selected/checked.</doc>
<msg timestamp="20230521 00:30:39.336" level="INFO">Verifying checkbox '&lt;selenium.webdriver.remote.webelement.WebElement (session="e7c587180901e1cfdccbbebd79ee5dbc", element="5CC78D5F23FE43BF705CBC0535D596E0_element_50")&gt;' is selected.</msg>
<status status="PASS" starttime="20230521 00:30:39.335" endtime="20230521 00:30:39.353"/>
</kw>
<status status="PASS" starttime="20230521 00:30:39.334" endtime="20230521 00:30:39.354"/>
</iter>
<iter>
<var name="${checkbox}">&lt;selenium.webdriver.remote.webelement.WebElement (session="e7c587180901e1cfdccbbebd79ee5dbc", element="5CC78D5F23FE43BF705CBC0535D596E0_element_51")&gt;</var>
<kw name="Checkbox Should Be Selected" library="SeleniumLibrary">
<arg>${checkbox}</arg>
<doc>Verifies checkbox ``locator`` is selected/checked.</doc>
<msg timestamp="20230521 00:30:39.356" level="INFO">Verifying checkbox '&lt;selenium.webdriver.remote.webelement.WebElement (session="e7c587180901e1cfdccbbebd79ee5dbc", element="5CC78D5F23FE43BF705CBC0535D596E0_element_51")&gt;' is selected.</msg>
<status status="PASS" starttime="20230521 00:30:39.355" endtime="20230521 00:30:39.372"/>
</kw>
<status status="PASS" starttime="20230521 00:30:39.355" endtime="20230521 00:30:39.372"/>
</iter>
<iter>
<var name="${checkbox}">&lt;selenium.webdriver.remote.webelement.WebElement (session="e7c587180901e1cfdccbbebd79ee5dbc", element="5CC78D5F23FE43BF705CBC0535D596E0_element_52")&gt;</var>
<kw name="Checkbox Should Be Selected" library="SeleniumLibrary">
<arg>${checkbox}</arg>
<doc>Verifies checkbox ``locator`` is selected/checked.</doc>
<msg timestamp="20230521 00:30:39.373" level="INFO">Verifying checkbox '&lt;selenium.webdriver.remote.webelement.WebElement (session="e7c587180901e1cfdccbbebd79ee5dbc", element="5CC78D5F23FE43BF705CBC0535D596E0_element_52")&gt;' is selected.</msg>
<status status="PASS" starttime="20230521 00:30:39.372" endtime="20230521 00:30:39.403"/>
</kw>
<status status="PASS" starttime="20230521 00:30:39.372" endtime="20230521 00:30:39.404"/>
</iter>
<iter>
<var name="${checkbox}">&lt;selenium.webdriver.remote.webelement.WebElement (session="e7c587180901e1cfdccbbebd79ee5dbc", element="5CC78D5F23FE43BF705CBC0535D596E0_element_53")&gt;</var>
<kw name="Checkbox Should Be Selected" library="SeleniumLibrary">
<arg>${checkbox}</arg>
<doc>Verifies checkbox ``locator`` is selected/checked.</doc>
<msg timestamp="20230521 00:30:39.406" level="INFO">Verifying checkbox '&lt;selenium.webdriver.remote.webelement.WebElement (session="e7c587180901e1cfdccbbebd79ee5dbc", element="5CC78D5F23FE43BF705CBC0535D596E0_element_53")&gt;' is selected.</msg>
<status status="PASS" starttime="20230521 00:30:39.405" endtime="20230521 00:30:39.433"/>
</kw>
<status status="PASS" starttime="20230521 00:30:39.404" endtime="20230521 00:30:39.434"/>
</iter>
<iter>
<var name="${checkbox}">&lt;selenium.webdriver.remote.webelement.WebElement (session="e7c587180901e1cfdccbbebd79ee5dbc", element="5CC78D5F23FE43BF705CBC0535D596E0_element_54")&gt;</var>
<kw name="Checkbox Should Be Selected" library="SeleniumLibrary">
<arg>${checkbox}</arg>
<doc>Verifies checkbox ``locator`` is selected/checked.</doc>
<msg timestamp="20230521 00:30:39.436" level="INFO">Verifying checkbox '&lt;selenium.webdriver.remote.webelement.WebElement (session="e7c587180901e1cfdccbbebd79ee5dbc", element="5CC78D5F23FE43BF705CBC0535D596E0_element_54")&gt;' is selected.</msg>
<status status="PASS" starttime="20230521 00:30:39.435" endtime="20230521 00:30:39.458"/>
</kw>
<status status="PASS" starttime="20230521 00:30:39.434" endtime="20230521 00:30:39.458"/>
</iter>
<iter>
<var name="${checkbox}">&lt;selenium.webdriver.remote.webelement.WebElement (session="e7c587180901e1cfdccbbebd79ee5dbc", element="5CC78D5F23FE43BF705CBC0535D596E0_element_55")&gt;</var>
<kw name="Checkbox Should Be Selected" library="SeleniumLibrary">
<arg>${checkbox}</arg>
<doc>Verifies checkbox ``locator`` is selected/checked.</doc>
<msg timestamp="20230521 00:30:39.465" level="INFO">Verifying checkbox '&lt;selenium.webdriver.remote.webelement.WebElement (session="e7c587180901e1cfdccbbebd79ee5dbc", element="5CC78D5F23FE43BF705CBC0535D596E0_element_55")&gt;' is selected.</msg>
<status status="PASS" starttime="20230521 00:30:39.461" endtime="20230521 00:30:39.488"/>
</kw>
<status status="PASS" starttime="20230521 00:30:39.459" endtime="20230521 00:30:39.489"/>
</iter>
<iter>
<var name="${checkbox}">&lt;selenium.webdriver.remote.webelement.WebElement (session="e7c587180901e1cfdccbbebd79ee5dbc", element="5CC78D5F23FE43BF705CBC0535D596E0_element_56")&gt;</var>
<kw name="Checkbox Should Be Selected" library="SeleniumLibrary">
<arg>${checkbox}</arg>
<doc>Verifies checkbox ``locator`` is selected/checked.</doc>
<msg timestamp="20230521 00:30:39.492" level="INFO">Verifying checkbox '&lt;selenium.webdriver.remote.webelement.WebElement (session="e7c587180901e1cfdccbbebd79ee5dbc", element="5CC78D5F23FE43BF705CBC0535D596E0_element_56")&gt;' is selected.</msg>
<status status="PASS" starttime="20230521 00:30:39.490" endtime="20230521 00:30:39.507"/>
</kw>
<status status="PASS" starttime="20230521 00:30:39.489" endtime="20230521 00:30:39.508"/>
</iter>
<iter>
<var name="${checkbox}">&lt;selenium.webdriver.remote.webelement.WebElement (session="e7c587180901e1cfdccbbebd79ee5dbc", element="5CC78D5F23FE43BF705CBC0535D596E0_element_57")&gt;</var>
<kw name="Checkbox Should Be Selected" library="SeleniumLibrary">
<arg>${checkbox}</arg>
<doc>Verifies checkbox ``locator`` is selected/checked.</doc>
<msg timestamp="20230521 00:30:39.512" level="INFO">Verifying checkbox '&lt;selenium.webdriver.remote.webelement.WebElement (session="e7c587180901e1cfdccbbebd79ee5dbc", element="5CC78D5F23FE43BF705CBC0535D596E0_element_57")&gt;' is selected.</msg>
<status status="PASS" starttime="20230521 00:30:39.509" endtime="20230521 00:30:39.535"/>
</kw>
<status status="PASS" starttime="20230521 00:30:39.508" endtime="20230521 00:30:39.535"/>
</iter>
<iter>
<var name="${checkbox}">&lt;selenium.webdriver.remote.webelement.WebElement (session="e7c587180901e1cfdccbbebd79ee5dbc", element="5CC78D5F23FE43BF705CBC0535D596E0_element_58")&gt;</var>
<kw name="Checkbox Should Be Selected" library="SeleniumLibrary">
<arg>${checkbox}</arg>
<doc>Verifies checkbox ``locator`` is selected/checked.</doc>
<msg timestamp="20230521 00:30:39.537" level="INFO">Verifying checkbox '&lt;selenium.webdriver.remote.webelement.WebElement (session="e7c587180901e1cfdccbbebd79ee5dbc", element="5CC78D5F23FE43BF705CBC0535D596E0_element_58")&gt;' is selected.</msg>
<status status="PASS" starttime="20230521 00:30:39.536" endtime="20230521 00:30:39.554"/>
</kw>
<status status="PASS" starttime="20230521 00:30:39.535" endtime="20230521 00:30:39.554"/>
</iter>
<iter>
<var name="${checkbox}">&lt;selenium.webdriver.remote.webelement.WebElement (session="e7c587180901e1cfdccbbebd79ee5dbc", element="5CC78D5F23FE43BF705CBC0535D596E0_element_59")&gt;</var>
<kw name="Checkbox Should Be Selected" library="SeleniumLibrary">
<arg>${checkbox}</arg>
<doc>Verifies checkbox ``locator`` is selected/checked.</doc>
<msg timestamp="20230521 00:30:39.556" level="INFO">Verifying checkbox '&lt;selenium.webdriver.remote.webelement.WebElement (session="e7c587180901e1cfdccbbebd79ee5dbc", element="5CC78D5F23FE43BF705CBC0535D596E0_element_59")&gt;' is selected.</msg>
<status status="PASS" starttime="20230521 00:30:39.555" endtime="20230521 00:30:39.574"/>
</kw>
<status status="PASS" starttime="20230521 00:30:39.555" endtime="20230521 00:30:39.574"/>
</iter>
<iter>
<var name="${checkbox}">&lt;selenium.webdriver.remote.webelement.WebElement (session="e7c587180901e1cfdccbbebd79ee5dbc", element="5CC78D5F23FE43BF705CBC0535D596E0_element_60")&gt;</var>
<kw name="Checkbox Should Be Selected" library="SeleniumLibrary">
<arg>${checkbox}</arg>
<doc>Verifies checkbox ``locator`` is selected/checked.</doc>
<msg timestamp="20230521 00:30:39.578" level="INFO">Verifying checkbox '&lt;selenium.webdriver.remote.webelement.WebElement (session="e7c587180901e1cfdccbbebd79ee5dbc", element="5CC78D5F23FE43BF705CBC0535D596E0_element_60")&gt;' is selected.</msg>
<status status="PASS" starttime="20230521 00:30:39.575" endtime="20230521 00:30:39.599"/>
</kw>
<status status="PASS" starttime="20230521 00:30:39.574" endtime="20230521 00:30:39.599"/>
</iter>
<iter>
<var name="${checkbox}">&lt;selenium.webdriver.remote.webelement.WebElement (session="e7c587180901e1cfdccbbebd79ee5dbc", element="5CC78D5F23FE43BF705CBC0535D596E0_element_61")&gt;</var>
<kw name="Checkbox Should Be Selected" library="SeleniumLibrary">
<arg>${checkbox}</arg>
<doc>Verifies checkbox ``locator`` is selected/checked.</doc>
<msg timestamp="20230521 00:30:39.601" level="INFO">Verifying checkbox '&lt;selenium.webdriver.remote.webelement.WebElement (session="e7c587180901e1cfdccbbebd79ee5dbc", element="5CC78D5F23FE43BF705CBC0535D596E0_element_61")&gt;' is selected.</msg>
<status status="PASS" starttime="20230521 00:30:39.600" endtime="20230521 00:30:39.620"/>
</kw>
<status status="PASS" starttime="20230521 00:30:39.600" endtime="20230521 00:30:39.620"/>
</iter>
<iter>
<var name="${checkbox}">&lt;selenium.webdriver.remote.webelement.WebElement (session="e7c587180901e1cfdccbbebd79ee5dbc", element="5CC78D5F23FE43BF705CBC0535D596E0_element_62")&gt;</var>
<kw name="Checkbox Should Be Selected" library="SeleniumLibrary">
<arg>${checkbox}</arg>
<doc>Verifies checkbox ``locator`` is selected/checked.</doc>
<msg timestamp="20230521 00:30:39.621" level="INFO">Verifying checkbox '&lt;selenium.webdriver.remote.webelement.WebElement (session="e7c587180901e1cfdccbbebd79ee5dbc", element="5CC78D5F23FE43BF705CBC0535D596E0_element_62")&gt;' is selected.</msg>
<status status="PASS" starttime="20230521 00:30:39.620" endtime="20230521 00:30:39.638"/>
</kw>
<status status="PASS" starttime="20230521 00:30:39.620" endtime="20230521 00:30:39.639"/>
</iter>
<iter>
<var name="${checkbox}">&lt;selenium.webdriver.remote.webelement.WebElement (session="e7c587180901e1cfdccbbebd79ee5dbc", element="5CC78D5F23FE43BF705CBC0535D596E0_element_63")&gt;</var>
<kw name="Checkbox Should Be Selected" library="SeleniumLibrary">
<arg>${checkbox}</arg>
<doc>Verifies checkbox ``locator`` is selected/checked.</doc>
<msg timestamp="20230521 00:30:39.641" level="INFO">Verifying checkbox '&lt;selenium.webdriver.remote.webelement.WebElement (session="e7c587180901e1cfdccbbebd79ee5dbc", element="5CC78D5F23FE43BF705CBC0535D596E0_element_63")&gt;' is selected.</msg>
<status status="PASS" starttime="20230521 00:30:39.640" endtime="20230521 00:30:39.665"/>
</kw>
<status status="PASS" starttime="20230521 00:30:39.639" endtime="20230521 00:30:39.666"/>
</iter>
<iter>
<var name="${checkbox}">&lt;selenium.webdriver.remote.webelement.WebElement (session="e7c587180901e1cfdccbbebd79ee5dbc", element="5CC78D5F23FE43BF705CBC0535D596E0_element_64")&gt;</var>
<kw name="Checkbox Should Be Selected" library="SeleniumLibrary">
<arg>${checkbox}</arg>
<doc>Verifies checkbox ``locator`` is selected/checked.</doc>
<msg timestamp="20230521 00:30:39.668" level="INFO">Verifying checkbox '&lt;selenium.webdriver.remote.webelement.WebElement (session="e7c587180901e1cfdccbbebd79ee5dbc", element="5CC78D5F23FE43BF705CBC0535D596E0_element_64")&gt;' is selected.</msg>
<status status="PASS" starttime="20230521 00:30:39.667" endtime="20230521 00:30:39.687"/>
</kw>
<status status="PASS" starttime="20230521 00:30:39.666" endtime="20230521 00:30:39.687"/>
</iter>
<iter>
<var name="${checkbox}">&lt;selenium.webdriver.remote.webelement.WebElement (session="e7c587180901e1cfdccbbebd79ee5dbc", element="5CC78D5F23FE43BF705CBC0535D596E0_element_65")&gt;</var>
<kw name="Checkbox Should Be Selected" library="SeleniumLibrary">
<arg>${checkbox}</arg>
<doc>Verifies checkbox ``locator`` is selected/checked.</doc>
<msg timestamp="20230521 00:30:39.689" level="INFO">Verifying checkbox '&lt;selenium.webdriver.remote.webelement.WebElement (session="e7c587180901e1cfdccbbebd79ee5dbc", element="5CC78D5F23FE43BF705CBC0535D596E0_element_65")&gt;' is selected.</msg>
<status status="PASS" starttime="20230521 00:30:39.688" endtime="20230521 00:30:39.704"/>
</kw>
<status status="PASS" starttime="20230521 00:30:39.687" endtime="20230521 00:30:39.704"/>
</iter>
<iter>
<var name="${checkbox}">&lt;selenium.webdriver.remote.webelement.WebElement (session="e7c587180901e1cfdccbbebd79ee5dbc", element="5CC78D5F23FE43BF705CBC0535D596E0_element_66")&gt;</var>
<kw name="Checkbox Should Be Selected" library="SeleniumLibrary">
<arg>${checkbox}</arg>
<doc>Verifies checkbox ``locator`` is selected/checked.</doc>
<msg timestamp="20230521 00:30:39.706" level="INFO">Verifying checkbox '&lt;selenium.webdriver.remote.webelement.WebElement (session="e7c587180901e1cfdccbbebd79ee5dbc", element="5CC78D5F23FE43BF705CBC0535D596E0_element_66")&gt;' is selected.</msg>
<status status="PASS" starttime="20230521 00:30:39.705" endtime="20230521 00:30:39.729"/>
</kw>
<status status="PASS" starttime="20230521 00:30:39.705" endtime="20230521 00:30:39.730"/>
</iter>
<iter>
<var name="${checkbox}">&lt;selenium.webdriver.remote.webelement.WebElement (session="e7c587180901e1cfdccbbebd79ee5dbc", element="5CC78D5F23FE43BF705CBC0535D596E0_element_67")&gt;</var>
<kw name="Checkbox Should Be Selected" library="SeleniumLibrary">
<arg>${checkbox}</arg>
<doc>Verifies checkbox ``locator`` is selected/checked.</doc>
<msg timestamp="20230521 00:30:39.733" level="INFO">Verifying checkbox '&lt;selenium.webdriver.remote.webelement.WebElement (session="e7c587180901e1cfdccbbebd79ee5dbc", element="5CC78D5F23FE43BF705CBC0535D596E0_element_67")&gt;' is selected.</msg>
<status status="PASS" starttime="20230521 00:30:39.732" endtime="20230521 00:30:39.753"/>
</kw>
<status status="PASS" starttime="20230521 00:30:39.731" endtime="20230521 00:30:39.753"/>
</iter>
<iter>
<var name="${checkbox}">&lt;selenium.webdriver.remote.webelement.WebElement (session="e7c587180901e1cfdccbbebd79ee5dbc", element="5CC78D5F23FE43BF705CBC0535D596E0_element_68")&gt;</var>
<kw name="Checkbox Should Be Selected" library="SeleniumLibrary">
<arg>${checkbox}</arg>
<doc>Verifies checkbox ``locator`` is selected/checked.</doc>
<msg timestamp="20230521 00:30:39.756" level="INFO">Verifying checkbox '&lt;selenium.webdriver.remote.webelement.WebElement (session="e7c587180901e1cfdccbbebd79ee5dbc", element="5CC78D5F23FE43BF705CBC0535D596E0_element_68")&gt;' is selected.</msg>
<status status="PASS" starttime="20230521 00:30:39.754" endtime="20230521 00:30:39.787"/>
</kw>
<status status="PASS" starttime="20230521 00:30:39.754" endtime="20230521 00:30:39.787"/>
</iter>
<iter>
<var name="${checkbox}">&lt;selenium.webdriver.remote.webelement.WebElement (session="e7c587180901e1cfdccbbebd79ee5dbc", element="5CC78D5F23FE43BF705CBC0535D596E0_element_69")&gt;</var>
<kw name="Checkbox Should Be Selected" library="SeleniumLibrary">
<arg>${checkbox}</arg>
<doc>Verifies checkbox ``locator`` is selected/checked.</doc>
<msg timestamp="20230521 00:30:39.790" level="INFO">Verifying checkbox '&lt;selenium.webdriver.remote.webelement.WebElement (session="e7c587180901e1cfdccbbebd79ee5dbc", element="5CC78D5F23FE43BF705CBC0535D596E0_element_69")&gt;' is selected.</msg>
<status status="PASS" starttime="20230521 00:30:39.788" endtime="20230521 00:30:39.806"/>
</kw>
<status status="PASS" starttime="20230521 00:30:39.788" endtime="20230521 00:30:39.807"/>
</iter>
<iter>
<var name="${checkbox}">&lt;selenium.webdriver.remote.webelement.WebElement (session="e7c587180901e1cfdccbbebd79ee5dbc", element="5CC78D5F23FE43BF705CBC0535D596E0_element_70")&gt;</var>
<kw name="Checkbox Should Be Selected" library="SeleniumLibrary">
<arg>${checkbox}</arg>
<doc>Verifies checkbox ``locator`` is selected/checked.</doc>
<msg timestamp="20230521 00:30:39.816" level="INFO">Verifying checkbox '&lt;selenium.webdriver.remote.webelement.WebElement (session="e7c587180901e1cfdccbbebd79ee5dbc", element="5CC78D5F23FE43BF705CBC0535D596E0_element_70")&gt;' is selected.</msg>
<status status="PASS" starttime="20230521 00:30:39.809" endtime="20230521 00:30:39.838"/>
</kw>
<status status="PASS" starttime="20230521 00:30:39.807" endtime="20230521 00:30:39.839"/>
</iter>
<iter>
<var name="${checkbox}">&lt;selenium.webdriver.remote.webelement.WebElement (session="e7c587180901e1cfdccbbebd79ee5dbc", element="5CC78D5F23FE43BF705CBC0535D596E0_element_71")&gt;</var>
<kw name="Checkbox Should Be Selected" library="SeleniumLibrary">
<arg>${checkbox}</arg>
<doc>Verifies checkbox ``locator`` is selected/checked.</doc>
<msg timestamp="20230521 00:30:39.842" level="INFO">Verifying checkbox '&lt;selenium.webdriver.remote.webelement.WebElement (session="e7c587180901e1cfdccbbebd79ee5dbc", element="5CC78D5F23FE43BF705CBC0535D596E0_element_71")&gt;' is selected.</msg>
<status status="PASS" starttime="20230521 00:30:39.840" endtime="20230521 00:30:39.859"/>
</kw>
<status status="PASS" starttime="20230521 00:30:39.839" endtime="20230521 00:30:39.859"/>
</iter>
<iter>
<var name="${checkbox}">&lt;selenium.webdriver.remote.webelement.WebElement (session="e7c587180901e1cfdccbbebd79ee5dbc", element="5CC78D5F23FE43BF705CBC0535D596E0_element_72")&gt;</var>
<kw name="Checkbox Should Be Selected" library="SeleniumLibrary">
<arg>${checkbox}</arg>
<doc>Verifies checkbox ``locator`` is selected/checked.</doc>
<msg timestamp="20230521 00:30:39.871" level="INFO">Verifying checkbox '&lt;selenium.webdriver.remote.webelement.WebElement (session="e7c587180901e1cfdccbbebd79ee5dbc", element="5CC78D5F23FE43BF705CBC0535D596E0_element_72")&gt;' is selected.</msg>
<status status="PASS" starttime="20230521 00:30:39.867" endtime="20230521 00:30:39.890"/>
</kw>
<status status="PASS" starttime="20230521 00:30:39.860" endtime="20230521 00:30:39.891"/>
</iter>
<iter>
<var name="${checkbox}">&lt;selenium.webdriver.remote.webelement.WebElement (session="e7c587180901e1cfdccbbebd79ee5dbc", element="5CC78D5F23FE43BF705CBC0535D596E0_element_73")&gt;</var>
<kw name="Checkbox Should Be Selected" library="SeleniumLibrary">
<arg>${checkbox}</arg>
<doc>Verifies checkbox ``locator`` is selected/checked.</doc>
<msg timestamp="20230521 00:30:39.892" level="INFO">Verifying checkbox '&lt;selenium.webdriver.remote.webelement.WebElement (session="e7c587180901e1cfdccbbebd79ee5dbc", element="5CC78D5F23FE43BF705CBC0535D596E0_element_73")&gt;' is selected.</msg>
<status status="PASS" starttime="20230521 00:30:39.891" endtime="20230521 00:30:39.921"/>
</kw>
<status status="PASS" starttime="20230521 00:30:39.891" endtime="20230521 00:30:39.922"/>
</iter>
<iter>
<var name="${checkbox}">&lt;selenium.webdriver.remote.webelement.WebElement (session="e7c587180901e1cfdccbbebd79ee5dbc", element="5CC78D5F23FE43BF705CBC0535D596E0_element_74")&gt;</var>
<kw name="Checkbox Should Be Selected" library="SeleniumLibrary">
<arg>${checkbox}</arg>
<doc>Verifies checkbox ``locator`` is selected/checked.</doc>
<msg timestamp="20230521 00:30:39.924" level="INFO">Verifying checkbox '&lt;selenium.webdriver.remote.webelement.WebElement (session="e7c587180901e1cfdccbbebd79ee5dbc", element="5CC78D5F23FE43BF705CBC0535D596E0_element_74")&gt;' is selected.</msg>
<status status="PASS" starttime="20230521 00:30:39.922" endtime="20230521 00:30:39.953"/>
</kw>
<status status="PASS" starttime="20230521 00:30:39.922" endtime="20230521 00:30:39.954"/>
</iter>
<iter>
<var name="${checkbox}">&lt;selenium.webdriver.remote.webelement.WebElement (session="e7c587180901e1cfdccbbebd79ee5dbc", element="5CC78D5F23FE43BF705CBC0535D596E0_element_75")&gt;</var>
<kw name="Checkbox Should Be Selected" library="SeleniumLibrary">
<arg>${checkbox}</arg>
<doc>Verifies checkbox ``locator`` is selected/checked.</doc>
<msg timestamp="20230521 00:30:39.957" level="INFO">Verifying checkbox '&lt;selenium.webdriver.remote.webelement.WebElement (session="e7c587180901e1cfdccbbebd79ee5dbc", element="5CC78D5F23FE43BF705CBC0535D596E0_element_75")&gt;' is selected.</msg>
<status status="PASS" starttime="20230521 00:30:39.955" endtime="20230521 00:30:39.988"/>
</kw>
<status status="PASS" starttime="20230521 00:30:39.954" endtime="20230521 00:30:39.988"/>
</iter>
<iter>
<var name="${checkbox}">&lt;selenium.webdriver.remote.webelement.WebElement (session="e7c587180901e1cfdccbbebd79ee5dbc", element="5CC78D5F23FE43BF705CBC0535D596E0_element_76")&gt;</var>
<kw name="Checkbox Should Be Selected" library="SeleniumLibrary">
<arg>${checkbox}</arg>
<doc>Verifies checkbox ``locator`` is selected/checked.</doc>
<msg timestamp="20230521 00:30:39.990" level="INFO">Verifying checkbox '&lt;selenium.webdriver.remote.webelement.WebElement (session="e7c587180901e1cfdccbbebd79ee5dbc", element="5CC78D5F23FE43BF705CBC0535D596E0_element_76")&gt;' is selected.</msg>
<status status="PASS" starttime="20230521 00:30:39.989" endtime="20230521 00:30:40.012"/>
</kw>
<status status="PASS" starttime="20230521 00:30:39.989" endtime="20230521 00:30:40.016"/>
</iter>
<iter>
<var name="${checkbox}">&lt;selenium.webdriver.remote.webelement.WebElement (session="e7c587180901e1cfdccbbebd79ee5dbc", element="5CC78D5F23FE43BF705CBC0535D596E0_element_77")&gt;</var>
<kw name="Checkbox Should Be Selected" library="SeleniumLibrary">
<arg>${checkbox}</arg>
<doc>Verifies checkbox ``locator`` is selected/checked.</doc>
<msg timestamp="20230521 00:30:40.021" level="INFO">Verifying checkbox '&lt;selenium.webdriver.remote.webelement.WebElement (session="e7c587180901e1cfdccbbebd79ee5dbc", element="5CC78D5F23FE43BF705CBC0535D596E0_element_77")&gt;' is selected.</msg>
<status status="PASS" starttime="20230521 00:30:40.020" endtime="20230521 00:30:40.040"/>
</kw>
<status status="PASS" starttime="20230521 00:30:40.018" endtime="20230521 00:30:40.040"/>
</iter>
<iter>
<var name="${checkbox}">&lt;selenium.webdriver.remote.webelement.WebElement (session="e7c587180901e1cfdccbbebd79ee5dbc", element="5CC78D5F23FE43BF705CBC0535D596E0_element_78")&gt;</var>
<kw name="Checkbox Should Be Selected" library="SeleniumLibrary">
<arg>${checkbox}</arg>
<doc>Verifies checkbox ``locator`` is selected/checked.</doc>
<msg timestamp="20230521 00:30:40.042" level="INFO">Verifying checkbox '&lt;selenium.webdriver.remote.webelement.WebElement (session="e7c587180901e1cfdccbbebd79ee5dbc", element="5CC78D5F23FE43BF705CBC0535D596E0_element_78")&gt;' is selected.</msg>
<status status="PASS" starttime="20230521 00:30:40.041" endtime="20230521 00:30:40.059"/>
</kw>
<status status="PASS" starttime="20230521 00:30:40.041" endtime="20230521 00:30:40.059"/>
</iter>
<iter>
<var name="${checkbox}">&lt;selenium.webdriver.remote.webelement.WebElement (session="e7c587180901e1cfdccbbebd79ee5dbc", element="5CC78D5F23FE43BF705CBC0535D596E0_element_79")&gt;</var>
<kw name="Checkbox Should Be Selected" library="SeleniumLibrary">
<arg>${checkbox}</arg>
<doc>Verifies checkbox ``locator`` is selected/checked.</doc>
<msg timestamp="20230521 00:30:40.067" level="INFO">Verifying checkbox '&lt;selenium.webdriver.remote.webelement.WebElement (session="e7c587180901e1cfdccbbebd79ee5dbc", element="5CC78D5F23FE43BF705CBC0535D596E0_element_79")&gt;' is selected.</msg>
<status status="PASS" starttime="20230521 00:30:40.061" endtime="20230521 00:30:40.086"/>
</kw>
<status status="PASS" starttime="20230521 00:30:40.059" endtime="20230521 00:30:40.086"/>
</iter>
<iter>
<var name="${checkbox}">&lt;selenium.webdriver.remote.webelement.WebElement (session="e7c587180901e1cfdccbbebd79ee5dbc", element="5CC78D5F23FE43BF705CBC0535D596E0_element_80")&gt;</var>
<kw name="Checkbox Should Be Selected" library="SeleniumLibrary">
<arg>${checkbox}</arg>
<doc>Verifies checkbox ``locator`` is selected/checked.</doc>
<msg timestamp="20230521 00:30:40.088" level="INFO">Verifying checkbox '&lt;selenium.webdriver.remote.webelement.WebElement (session="e7c587180901e1cfdccbbebd79ee5dbc", element="5CC78D5F23FE43BF705CBC0535D596E0_element_80")&gt;' is selected.</msg>
<status status="PASS" starttime="20230521 00:30:40.087" endtime="20230521 00:30:40.117"/>
</kw>
<status status="PASS" starttime="20230521 00:30:40.086" endtime="20230521 00:30:40.118"/>
</iter>
<iter>
<var name="${checkbox}">&lt;selenium.webdriver.remote.webelement.WebElement (session="e7c587180901e1cfdccbbebd79ee5dbc", element="5CC78D5F23FE43BF705CBC0535D596E0_element_81")&gt;</var>
<kw name="Checkbox Should Be Selected" library="SeleniumLibrary">
<arg>${checkbox}</arg>
<doc>Verifies checkbox ``locator`` is selected/checked.</doc>
<msg timestamp="20230521 00:30:40.119" level="INFO">Verifying checkbox '&lt;selenium.webdriver.remote.webelement.WebElement (session="e7c587180901e1cfdccbbebd79ee5dbc", element="5CC78D5F23FE43BF705CBC0535D596E0_element_81")&gt;' is selected.</msg>
<status status="PASS" starttime="20230521 00:30:40.118" endtime="20230521 00:30:40.136"/>
</kw>
<status status="PASS" starttime="20230521 00:30:40.118" endtime="20230521 00:30:40.136"/>
</iter>
<iter>
<var name="${checkbox}">&lt;selenium.webdriver.remote.webelement.WebElement (session="e7c587180901e1cfdccbbebd79ee5dbc", element="5CC78D5F23FE43BF705CBC0535D596E0_element_82")&gt;</var>
<kw name="Checkbox Should Be Selected" library="SeleniumLibrary">
<arg>${checkbox}</arg>
<doc>Verifies checkbox ``locator`` is selected/checked.</doc>
<msg timestamp="20230521 00:30:40.139" level="INFO">Verifying checkbox '&lt;selenium.webdriver.remote.webelement.WebElement (session="e7c587180901e1cfdccbbebd79ee5dbc", element="5CC78D5F23FE43BF705CBC0535D596E0_element_82")&gt;' is selected.</msg>
<status status="PASS" starttime="20230521 00:30:40.137" endtime="20230521 00:30:40.157"/>
</kw>
<status status="PASS" starttime="20230521 00:30:40.137" endtime="20230521 00:30:40.158"/>
</iter>
<iter>
<var name="${checkbox}">&lt;selenium.webdriver.remote.webelement.WebElement (session="e7c587180901e1cfdccbbebd79ee5dbc", element="5CC78D5F23FE43BF705CBC0535D596E0_element_83")&gt;</var>
<kw name="Checkbox Should Be Selected" library="SeleniumLibrary">
<arg>${checkbox}</arg>
<doc>Verifies checkbox ``locator`` is selected/checked.</doc>
<msg timestamp="20230521 00:30:40.159" level="INFO">Verifying checkbox '&lt;selenium.webdriver.remote.webelement.WebElement (session="e7c587180901e1cfdccbbebd79ee5dbc", element="5CC78D5F23FE43BF705CBC0535D596E0_element_83")&gt;' is selected.</msg>
<status status="PASS" starttime="20230521 00:30:40.158" endtime="20230521 00:30:40.183"/>
</kw>
<status status="PASS" starttime="20230521 00:30:40.158" endtime="20230521 00:30:40.183"/>
</iter>
<iter>
<var name="${checkbox}">&lt;selenium.webdriver.remote.webelement.WebElement (session="e7c587180901e1cfdccbbebd79ee5dbc", element="5CC78D5F23FE43BF705CBC0535D596E0_element_84")&gt;</var>
<kw name="Checkbox Should Be Selected" library="SeleniumLibrary">
<arg>${checkbox}</arg>
<doc>Verifies checkbox ``locator`` is selected/checked.</doc>
<msg timestamp="20230521 00:30:40.186" level="INFO">Verifying checkbox '&lt;selenium.webdriver.remote.webelement.WebElement (session="e7c587180901e1cfdccbbebd79ee5dbc", element="5CC78D5F23FE43BF705CBC0535D596E0_element_84")&gt;' is selected.</msg>
<status status="PASS" starttime="20230521 00:30:40.184" endtime="20230521 00:30:40.206"/>
</kw>
<status status="PASS" starttime="20230521 00:30:40.184" endtime="20230521 00:30:40.207"/>
</iter>
<status status="PASS" starttime="20230521 00:30:38.967" endtime="20230521 00:30:40.207"/>
</for>
<kw name="Close Browser" library="SeleniumLibrary" type="TEARDOWN">
<doc>Closes the current browser.</doc>
<status status="PASS" starttime="20230521 00:30:40.208" endtime="20230521 00:30:44.012"/>
</kw>
<status status="PASS" starttime="20230521 00:30:07.008" endtime="20230521 00:30:44.013"/>
</test>
<status status="PASS" starttime="20230521 00:28:51.830" endtime="20230521 00:30:44.021"/>
</suite>
<status status="PASS" starttime="20230521 00:28:51.653" endtime="20230521 00:30:44.029"/>
</suite>
<statistics>
<total>
<stat pass="5" fail="0" skip="0">All Tests</stat>
</total>
<tag>
</tag>
<suite>
<stat pass="5" fail="0" skip="0" id="s1" name="Software-Testing-Assi3-Frontend">Software-Testing-Assi3-Frontend</stat>
<stat pass="5" fail="0" skip="0" id="s1-s1" name="Frontend-Test-Suite">Software-Testing-Assi3-Frontend.Frontend-Test-Suite</stat>
</suite>
</statistics>
<errors>
</errors>
</robot>
